#
# There is insufficient memory for the Java Runtime Environment to continue.
# Native memory allocation (mmap) failed to map 65536 bytes for Failed to commit metaspace.
# Possible reasons:
#   The system is out of physical RAM or swap space
#   The process is running with CompressedOops enabled, and the Java Heap may be blocking the growth of the native heap
# Possible solutions:
#   Reduce memory load on the system
#   Increase physical memory or swap space
#   Check if swap backing store is full
#   Decrease Java heap size (-Xmx/-Xms)
#   Decrease number of Java threads
#   Decrease Java thread stack sizes (-Xss)
#   Set larger code cache with -XX:ReservedCodeCacheSize=
#   JVM is running with Unscaled Compressed Oops mode in which the Java heap is
#     placed in the first 4GB address space. The Java Heap base address is the
#     maximum limit for the native heap growth. Please use -XX:HeapBaseMinAddress
#     to set the Java Heap base and to place the Java Heap above 4GB virtual address.
# This output file may be truncated or incomplete.
#
#  Out of Memory Error (virtualSpaceNode.cpp:110), pid=7236, tid=13060
#
# JRE version: OpenJDK Runtime Environment Temurin-17.0.7+7 (17.0.7+7) (build 17.0.7+7)
# Java VM: OpenJDK 64-Bit Server VM Temurin-17.0.7+7 (17.0.7+7, mixed mode, emulated-client, tiered, compressed oops, compressed class ptrs, g1 gc, windows-amd64)
# No core dump will be written. Minidumps are not enabled by default on client versions of Windows
#

---------------  S U M M A R Y ------------

Command Line: -Dcom.sun.management.jmxremote -Dcom.sun.management.jmxremote.port=56828 -Dcom.sun.management.jmxremote.authenticate=false -Dcom.sun.management.jmxremote.ssl=false -Djava.rmi.server.hostname=localhost -Dspring.jmx.enabled=true -Dmanagement.endpoints.jmx.exposure.include=* -Dspring.application.admin.enabled=true -XX:TieredStopAtLevel=1 -Dspring.boot.project.name=demo-1 -Dfile.encoding=UTF-8 -XX:+ShowCodeDetailsInExceptionMessages com.example.demo.Demo1Application --spring.output.ansi.enabled=always

Host: Intel(R) Core(TM) i3-8145U CPU @ 2.10GHz, 4 cores, 3G,  Windows 11 , 64 bit Build 22621 (10.0.22621.1635)
Time: Fri May 26 14:36:09 2023 RTZ 2 (s 11 , 64 bit Build 22621 (10.0.22621.1635) elapsed time: 5.177008 seconds (0d 0h 0m 5s)

---------------  T H R E A D  ---------------

Current thread (0x000001ad768ce6c0):  JavaThread "main" [_thread_in_vm, id=13060, stack(0x0000008ed9800000,0x0000008ed9900000)]

Stack: [0x0000008ed9800000,0x0000008ed9900000]
Native frames: (J=compiled Java code, j=interpreted, Vv=VM code, C=native code)
V  [jvm.dll+0x67754a]
V  [jvm.dll+0x834304]
V  [jvm.dll+0x835aae]
V  [jvm.dll+0x836113]
V  [jvm.dll+0x24696f]
V  [jvm.dll+0x83039b]
V  [jvm.dll+0x61c006]
V  [jvm.dll+0x61c06a]
V  [jvm.dll+0x61e89a]
V  [jvm.dll+0x61c9a6]
V  [jvm.dll+0x2442bc]
V  [jvm.dll+0x6cdf4d]
V  [jvm.dll+0x6ce97f]
V  [jvm.dll+0x371b23]
V  [jvm.dll+0x3719cb]
V  [jvm.dll+0x370bc4]
V  [jvm.dll+0x370b68]
V  [jvm.dll+0x55e3df]
V  [jvm.dll+0x55e488]
V  [jvm.dll+0x38460b]
V  [jvm.dll+0x3840c2]
C  0x000001ad79f97a5f

Java frames: (J=compiled Java code, j=interpreted, Vv=VM code)
j  java.time.LocalDateTime.<clinit>()V+0 java.base@17.0.7
v  ~StubRoutines::call_stub
j  java.time.zone.ZoneOffsetTransition.<init>(JLjava/time/ZoneOffset;Ljava/time/ZoneOffset;)V+13 java.base@17.0.7
j  java.time.zone.ZoneRules.<init>([J[Ljava/time/ZoneOffset;[J[Ljava/time/ZoneOffset;[Ljava/time/zone/ZoneOffsetTransitionRule;)V+104 java.base@17.0.7
j  java.time.zone.ZoneRules.readExternal(Ljava/io/DataInput;)Ljava/time/zone/ZoneRules;+272 java.base@17.0.7
j  java.time.zone.Ser.readInternal(BLjava/io/DataInput;)Ljava/io/Serializable;+29 java.base@17.0.7
j  java.time.zone.Ser.read(Ljava/io/DataInput;)Ljava/io/Serializable;+9 java.base@17.0.7
j  java.time.zone.TzdbZoneRulesProvider.provideRules(Ljava/lang/String;Z)Ljava/time/zone/ZoneRules;+75 java.base@17.0.7
j  java.time.zone.ZoneRulesProvider.getRules(Ljava/lang/String;Z)Ljava/time/zone/ZoneRules;+13 java.base@17.0.7
j  java.time.ZoneRegion.ofId(Ljava/lang/String;Z)Ljava/time/ZoneRegion;+15 java.base@17.0.7
j  java.time.ZoneId.of(Ljava/lang/String;Z)Ljava/time/ZoneId;+81 java.base@17.0.7
j  java.time.ZoneId.of(Ljava/lang/String;)Ljava/time/ZoneId;+2 java.base@17.0.7
j  java.time.ZoneId.of(Ljava/lang/String;Ljava/util/Map;)Ljava/time/ZoneId;+33 java.base@17.0.7
j  java.util.TimeZone.toZoneId0()Ljava/time/ZoneId;+97 java.base@17.0.7
j  java.util.TimeZone.toZoneId()Ljava/time/ZoneId;+11 java.base@17.0.7
j  java.util.TimeZone.toZoneId0()Ljava/time/ZoneId;+30 java.base@17.0.7
j  java.util.TimeZone.toZoneId()Ljava/time/ZoneId;+11 java.base@17.0.7
j  java.time.ZoneId.systemDefault()Ljava/time/ZoneId;+3 java.base@17.0.7
j  ch.qos.logback.core.util.CachingDateFormatter.<init>(Ljava/lang/String;Ljava/time/ZoneId;Ljava/util/Locale;)V+9
j  ch.qos.logback.core.util.CachingDateFormatter.<init>(Ljava/lang/String;Ljava/time/ZoneId;)V+4
j  ch.qos.logback.core.util.CachingDateFormatter.<init>(Ljava/lang/String;)V+3
j  ch.qos.logback.classic.layout.TTLLLayout.<init>()V+11
j  ch.qos.logback.classic.BasicConfigurator.configure(Lch/qos/logback/classic/LoggerContext;)Lch/qos/logback/classic/spi/Configurator$ExecutionStatus;+42
j  ch.qos.logback.classic.util.ContextInitializer.fallbackOnToBasicConfigurator()V+21
j  ch.qos.logback.classic.util.ContextInitializer.autoConfig(Ljava/lang/ClassLoader;)V+182
j  ch.qos.logback.classic.util.ContextInitializer.autoConfig()V+6
j  ch.qos.logback.classic.spi.LogbackServiceProvider.initializeLoggerContext()V+11
j  ch.qos.logback.classic.spi.LogbackServiceProvider.initialize()V+21
j  org.slf4j.LoggerFactory.bind()V+37
j  org.slf4j.LoggerFactory.performInitialization()V+0
j  org.slf4j.LoggerFactory.getProvider()Lorg/slf4j/spi/SLF4JServiceProvider;+21
j  org.slf4j.LoggerFactory.getILoggerFactory()Lorg/slf4j/ILoggerFactory;+0
j  org.slf4j.LoggerFactory.getLogger(Ljava/lang/String;)Lorg/slf4j/Logger;+0
j  org.apache.commons.logging.LogAdapter$Slf4jAdapter.createLocationAwareLog(Ljava/lang/String;)Lorg/apache/commons/logging/Log;+1
j  org.apache.commons.logging.LogAdapter$$Lambda$109+0x0000000100149a88.apply(Ljava/lang/Object;)Ljava/lang/Object;+4
j  org.apache.commons.logging.LogAdapter.createLog(Ljava/lang/String;)Lorg/apache/commons/logging/Log;+4
j  org.apache.commons.logging.LogFactory.getLog(Ljava/lang/String;)Lorg/apache/commons/logging/Log;+1
j  org.apache.commons.logging.LogFactory.getLog(Ljava/lang/Class;)Lorg/apache/commons/logging/Log;+4
j  org.springframework.boot.SpringApplication.<clinit>()V+2
v  ~StubRoutines::call_stub
j  com.example.demo.Demo1Application.main([Ljava/lang/String;)V+3
v  ~StubRoutines::call_stub

---------------  P R O C E S S  ---------------

Threads class SMR info:
_java_thread_list=0x000001ad062b46e0, length=16, elements={
0x000001ad768ce6c0, 0x000001ad7f6ac2d0, 0x000001ad7f6acd90, 0x000001ad7f70ba10,
0x000001ad7f6e6bc0, 0x000001ad7f701860, 0x000001ad7f704220, 0x000001ad7f704bd0,
0x000001ad7f72de60, 0x000001ad7f64c580, 0x000001ad7f9cff40, 0x000001ad06109220,
0x000001ad0617cf70, 0x000001ad06184170, 0x000001ad06209840, 0x000001ad064bcac0
}

Java Threads: ( => current thread )
=>0x000001ad768ce6c0 JavaThread "main" [_thread_in_vm, id=13060, stack(0x0000008ed9800000,0x0000008ed9900000)]
  0x000001ad7f6ac2d0 JavaThread "Reference Handler" daemon [_thread_blocked, id=17636, stack(0x0000008ed9f00000,0x0000008eda000000)]
  0x000001ad7f6acd90 JavaThread "Finalizer" daemon [_thread_blocked, id=18428, stack(0x0000008eda000000,0x0000008eda100000)]
  0x000001ad7f70ba10 JavaThread "Signal Dispatcher" daemon [_thread_blocked, id=6632, stack(0x0000008eda100000,0x0000008eda200000)]
  0x000001ad7f6e6bc0 JavaThread "Attach Listener" daemon [_thread_blocked, id=13540, stack(0x0000008eda200000,0x0000008eda300000)]
  0x000001ad7f701860 JavaThread "Service Thread" daemon [_thread_blocked, id=11280, stack(0x0000008eda300000,0x0000008eda400000)]
  0x000001ad7f704220 JavaThread "Monitor Deflation Thread" daemon [_thread_blocked, id=14932, stack(0x0000008eda400000,0x0000008eda500000)]
  0x000001ad7f704bd0 JavaThread "C1 CompilerThread0" daemon [_thread_blocked, id=17600, stack(0x0000008eda500000,0x0000008eda600000)]
  0x000001ad7f72de60 JavaThread "Sweeper thread" daemon [_thread_blocked, id=9932, stack(0x0000008eda600000,0x0000008eda700000)]
  0x000001ad7f64c580 JavaThread "Common-Cleaner" daemon [_thread_blocked, id=19256, stack(0x0000008eda700000,0x0000008eda800000)]
  0x000001ad7f9cff40 JavaThread "Notification Thread" daemon [_thread_blocked, id=14752, stack(0x0000008eda800000,0x0000008eda900000)]
  0x000001ad06109220 JavaThread "RMI TCP Accept-0" daemon [_thread_in_native, id=16796, stack(0x0000008eda900000,0x0000008edaa00000)]
  0x000001ad0617cf70 JavaThread "RMI TCP Accept-56828" daemon [_thread_in_native, id=11360, stack(0x0000008edaa00000,0x0000008edab00000)]
  0x000001ad06184170 JavaThread "RMI TCP Accept-0" daemon [_thread_in_native, id=22044, stack(0x0000008edab00000,0x0000008edac00000)]
  0x000001ad06209840 JavaThread "RMI TCP Connection(1)-127.0.0.1" daemon [_thread_in_native, id=4752, stack(0x0000008edad00000,0x0000008edae00000)]
  0x000001ad064bcac0 JavaThread "RMI Scheduler(0)" daemon [_thread_blocked, id=13884, stack(0x0000008edae00000,0x0000008edaf00000)]

Other Threads:
  0x000001ad7698ea10 VMThread "VM Thread" [stack: 0x0000008ed9e00000,0x0000008ed9f00000] [id=22176]
  0x000001ad768cf530 WatcherThread [stack: 0x0000008edac00000,0x0000008edad00000] [id=16888]
  0x000001ad76909bd0 GCTaskThread "GC Thread#0" [stack: 0x0000008ed9900000,0x0000008ed9a00000] [id=18024]
  0x000001ad76912550 ConcurrentGCThread "G1 Main Marker" [stack: 0x0000008ed9a00000,0x0000008ed9b00000] [id=18404]
  0x000001ad76912f60 ConcurrentGCThread "G1 Conc#0" [stack: 0x0000008ed9b00000,0x0000008ed9c00000] [id=2188]
  0x000001ad76951d90 ConcurrentGCThread "G1 Refine#0" [stack: 0x0000008ed9c00000,0x0000008ed9d00000] [id=19012]
  0x000001ad769527b0 ConcurrentGCThread "G1 Service" [stack: 0x0000008ed9d00000,0x0000008ed9e00000] [id=1004]

Threads with active compile tasks:

VM state: not at safepoint (normal execution)

VM Mutex/Monitor currently owned by a thread:  ([mutex/lock_event])
[0x000001ad7482ab00] Metaspace_lock - owner thread: 0x000001ad768ce6c0

Heap address: 0x00000000c2e00000, size: 978 MB, Compressed Oops mode: 32-bit

CDS archive(s) not mapped
Compressed class space mapped at: 0x0000000100000000-0x0000000140000000, reserved size: 1073741824
Narrow klass base: 0x0000000000000000, Narrow klass shift: 3, Narrow klass range: 0x140000000

GC Precious Log:
 CPUs: 4 total, 4 available
 Memory: 3911M
 Large Page Support: Disabled
 NUMA Support: Disabled
 Compressed Oops: Enabled (32-bit)
 Heap Region Size: 1M
 Heap Min Capacity: 8M
 Heap Initial Capacity: 62M
 Heap Max Capacity: 978M
 Pre-touch: Disabled
 Parallel Workers: 4
 Concurrent Workers: 1
 Concurrent Refinement Workers: 4
 Periodic GC: Disabled

Heap:
 garbage-first heap   total 63488K, used 10240K [0x00000000c2e00000, 0x0000000100000000)
  region size 1024K, 12 young (12288K), 0 survivors (0K)
 Metaspace       used 13985K, committed 14144K, reserved 1114112K
  class space    used 1435K, committed 1536K, reserved 1048576K

Heap Regions: E=young(eden), S=young(survivor), O=old, HS=humongous(starts), HC=humongous(continues), CS=collection set, F=free, OA=open archive, CA=closed archive, TAMS=top-at-mark-start (previous, next)
|   0|0x00000000c2e00000, 0x00000000c2e00000, 0x00000000c2f00000|  0%| F|  |TAMS 0x00000000c2e00000, 0x00000000c2e00000| Untracked 
|   1|0x00000000c2f00000, 0x00000000c2f00000, 0x00000000c3000000|  0%| F|  |TAMS 0x00000000c2f00000, 0x00000000c2f00000| Untracked 
|   2|0x00000000c3000000, 0x00000000c3000000, 0x00000000c3100000|  0%| F|  |TAMS 0x00000000c3000000, 0x00000000c3000000| Untracked 
|   3|0x00000000c3100000, 0x00000000c3100000, 0x00000000c3200000|  0%| F|  |TAMS 0x00000000c3100000, 0x00000000c3100000| Untracked 
|   4|0x00000000c3200000, 0x00000000c3200000, 0x00000000c3300000|  0%| F|  |TAMS 0x00000000c3200000, 0x00000000c3200000| Untracked 
|   5|0x00000000c3300000, 0x00000000c3300000, 0x00000000c3400000|  0%| F|  |TAMS 0x00000000c3300000, 0x00000000c3300000| Untracked 
|   6|0x00000000c3400000, 0x00000000c3400000, 0x00000000c3500000|  0%| F|  |TAMS 0x00000000c3400000, 0x00000000c3400000| Untracked 
|   7|0x00000000c3500000, 0x00000000c3500000, 0x00000000c3600000|  0%| F|  |TAMS 0x00000000c3500000, 0x00000000c3500000| Untracked 
|   8|0x00000000c3600000, 0x00000000c3600000, 0x00000000c3700000|  0%| F|  |TAMS 0x00000000c3600000, 0x00000000c3600000| Untracked 
|   9|0x00000000c3700000, 0x00000000c3700000, 0x00000000c3800000|  0%| F|  |TAMS 0x00000000c3700000, 0x00000000c3700000| Untracked 
|  10|0x00000000c3800000, 0x00000000c3800000, 0x00000000c3900000|  0%| F|  |TAMS 0x00000000c3800000, 0x00000000c3800000| Untracked 
|  11|0x00000000c3900000, 0x00000000c3900000, 0x00000000c3a00000|  0%| F|  |TAMS 0x00000000c3900000, 0x00000000c3900000| Untracked 
|  12|0x00000000c3a00000, 0x00000000c3a00000, 0x00000000c3b00000|  0%| F|  |TAMS 0x00000000c3a00000, 0x00000000c3a00000| Untracked 
|  13|0x00000000c3b00000, 0x00000000c3b00000, 0x00000000c3c00000|  0%| F|  |TAMS 0x00000000c3b00000, 0x00000000c3b00000| Untracked 
|  14|0x00000000c3c00000, 0x00000000c3c00000, 0x00000000c3d00000|  0%| F|  |TAMS 0x00000000c3c00000, 0x00000000c3c00000| Untracked 
|  15|0x00000000c3d00000, 0x00000000c3d00000, 0x00000000c3e00000|  0%| F|  |TAMS 0x00000000c3d00000, 0x00000000c3d00000| Untracked 
|  16|0x00000000c3e00000, 0x00000000c3e00000, 0x00000000c3f00000|  0%| F|  |TAMS 0x00000000c3e00000, 0x00000000c3e00000| Untracked 
|  17|0x00000000c3f00000, 0x00000000c3f00000, 0x00000000c4000000|  0%| F|  |TAMS 0x00000000c3f00000, 0x00000000c3f00000| Untracked 
|  18|0x00000000c4000000, 0x00000000c4000000, 0x00000000c4100000|  0%| F|  |TAMS 0x00000000c4000000, 0x00000000c4000000| Untracked 
|  19|0x00000000c4100000, 0x00000000c4100000, 0x00000000c4200000|  0%| F|  |TAMS 0x00000000c4100000, 0x00000000c4100000| Untracked 
|  20|0x00000000c4200000, 0x00000000c4200000, 0x00000000c4300000|  0%| F|  |TAMS 0x00000000c4200000, 0x00000000c4200000| Untracked 
|  21|0x00000000c4300000, 0x00000000c4300000, 0x00000000c4400000|  0%| F|  |TAMS 0x00000000c4300000, 0x00000000c4300000| Untracked 
|  22|0x00000000c4400000, 0x00000000c4400000, 0x00000000c4500000|  0%| F|  |TAMS 0x00000000c4400000, 0x00000000c4400000| Untracked 
|  23|0x00000000c4500000, 0x00000000c4500000, 0x00000000c4600000|  0%| F|  |TAMS 0x00000000c4500000, 0x00000000c4500000| Untracked 
|  24|0x00000000c4600000, 0x00000000c4600000, 0x00000000c4700000|  0%| F|  |TAMS 0x00000000c4600000, 0x00000000c4600000| Untracked 
|  25|0x00000000c4700000, 0x00000000c4700000, 0x00000000c4800000|  0%| F|  |TAMS 0x00000000c4700000, 0x00000000c4700000| Untracked 
|  26|0x00000000c4800000, 0x00000000c4800000, 0x00000000c4900000|  0%| F|  |TAMS 0x00000000c4800000, 0x00000000c4800000| Untracked 
|  27|0x00000000c4900000, 0x00000000c4900000, 0x00000000c4a00000|  0%| F|  |TAMS 0x00000000c4900000, 0x00000000c4900000| Untracked 
|  28|0x00000000c4a00000, 0x00000000c4a00000, 0x00000000c4b00000|  0%| F|  |TAMS 0x00000000c4a00000, 0x00000000c4a00000| Untracked 
|  29|0x00000000c4b00000, 0x00000000c4b00000, 0x00000000c4c00000|  0%| F|  |TAMS 0x00000000c4b00000, 0x00000000c4b00000| Untracked 
|  30|0x00000000c4c00000, 0x00000000c4c00000, 0x00000000c4d00000|  0%| F|  |TAMS 0x00000000c4c00000, 0x00000000c4c00000| Untracked 
|  31|0x00000000c4d00000, 0x00000000c4d00000, 0x00000000c4e00000|  0%| F|  |TAMS 0x00000000c4d00000, 0x00000000c4d00000| Untracked 
|  32|0x00000000c4e00000, 0x00000000c4e00000, 0x00000000c4f00000|  0%| F|  |TAMS 0x00000000c4e00000, 0x00000000c4e00000| Untracked 
|  33|0x00000000c4f00000, 0x00000000c4f00000, 0x00000000c5000000|  0%| F|  |TAMS 0x00000000c4f00000, 0x00000000c4f00000| Untracked 
|  34|0x00000000c5000000, 0x00000000c5000000, 0x00000000c5100000|  0%| F|  |TAMS 0x00000000c5000000, 0x00000000c5000000| Untracked 
|  35|0x00000000c5100000, 0x00000000c5100000, 0x00000000c5200000|  0%| F|  |TAMS 0x00000000c5100000, 0x00000000c5100000| Untracked 
|  36|0x00000000c5200000, 0x00000000c5200000, 0x00000000c5300000|  0%| F|  |TAMS 0x00000000c5200000, 0x00000000c5200000| Untracked 
|  37|0x00000000c5300000, 0x00000000c5300000, 0x00000000c5400000|  0%| F|  |TAMS 0x00000000c5300000, 0x00000000c5300000| Untracked 
|  38|0x00000000c5400000, 0x00000000c5400000, 0x00000000c5500000|  0%| F|  |TAMS 0x00000000c5400000, 0x00000000c5400000| Untracked 
|  39|0x00000000c5500000, 0x00000000c5500000, 0x00000000c5600000|  0%| F|  |TAMS 0x00000000c5500000, 0x00000000c5500000| Untracked 
|  40|0x00000000c5600000, 0x00000000c5600000, 0x00000000c5700000|  0%| F|  |TAMS 0x00000000c5600000, 0x00000000c5600000| Untracked 
|  41|0x00000000c5700000, 0x00000000c5700000, 0x00000000c5800000|  0%| F|  |TAMS 0x00000000c5700000, 0x00000000c5700000| Untracked 
|  42|0x00000000c5800000, 0x00000000c5800000, 0x00000000c5900000|  0%| F|  |TAMS 0x00000000c5800000, 0x00000000c5800000| Untracked 
|  43|0x00000000c5900000, 0x00000000c5900000, 0x00000000c5a00000|  0%| F|  |TAMS 0x00000000c5900000, 0x00000000c5900000| Untracked 
|  44|0x00000000c5a00000, 0x00000000c5a00000, 0x00000000c5b00000|  0%| F|  |TAMS 0x00000000c5a00000, 0x00000000c5a00000| Untracked 
|  45|0x00000000c5b00000, 0x00000000c5b00000, 0x00000000c5c00000|  0%| F|  |TAMS 0x00000000c5b00000, 0x00000000c5b00000| Untracked 
|  46|0x00000000c5c00000, 0x00000000c5c00000, 0x00000000c5d00000|  0%| F|  |TAMS 0x00000000c5c00000, 0x00000000c5c00000| Untracked 
|  47|0x00000000c5d00000, 0x00000000c5d00000, 0x00000000c5e00000|  0%| F|  |TAMS 0x00000000c5d00000, 0x00000000c5d00000| Untracked 
|  48|0x00000000c5e00000, 0x00000000c5e00000, 0x00000000c5f00000|  0%| F|  |TAMS 0x00000000c5e00000, 0x00000000c5e00000| Untracked 
|  49|0x00000000c5f00000, 0x00000000c5f00000, 0x00000000c6000000|  0%| F|  |TAMS 0x00000000c5f00000, 0x00000000c5f00000| Untracked 
|  50|0x00000000c6000000, 0x00000000c6100000, 0x00000000c6100000|100%| E|  |TAMS 0x00000000c6000000, 0x00000000c6000000| Complete 
|  51|0x00000000c6100000, 0x00000000c6200000, 0x00000000c6200000|100%| E|CS|TAMS 0x00000000c6100000, 0x00000000c6100000| Complete 
|  52|0x00000000c6200000, 0x00000000c6300000, 0x00000000c6300000|100%| E|CS|TAMS 0x00000000c6200000, 0x00000000c6200000| Complete 
|  53|0x00000000c6300000, 0x00000000c6400000, 0x00000000c6400000|100%| E|CS|TAMS 0x00000000c6300000, 0x00000000c6300000| Complete 
|  54|0x00000000c6400000, 0x00000000c6500000, 0x00000000c6500000|100%| E|CS|TAMS 0x00000000c6400000, 0x00000000c6400000| Complete 
|  55|0x00000000c6500000, 0x00000000c6600000, 0x00000000c6600000|100%| E|CS|TAMS 0x00000000c6500000, 0x00000000c6500000| Complete 
|  56|0x00000000c6600000, 0x00000000c6700000, 0x00000000c6700000|100%| E|CS|TAMS 0x00000000c6600000, 0x00000000c6600000| Complete 
|  57|0x00000000c6700000, 0x00000000c6800000, 0x00000000c6800000|100%| E|CS|TAMS 0x00000000c6700000, 0x00000000c6700000| Complete 
|  58|0x00000000c6800000, 0x00000000c6900000, 0x00000000c6900000|100%| E|CS|TAMS 0x00000000c6800000, 0x00000000c6800000| Complete 
|  59|0x00000000c6900000, 0x00000000c6a00000, 0x00000000c6a00000|100%| E|  |TAMS 0x00000000c6900000, 0x00000000c6900000| Complete 
|  60|0x00000000c6a00000, 0x00000000c6b00000, 0x00000000c6b00000|100%| E|CS|TAMS 0x00000000c6a00000, 0x00000000c6a00000| Complete 
|  61|0x00000000c6b00000, 0x00000000c6c00000, 0x00000000c6c00000|100%| E|CS|TAMS 0x00000000c6b00000, 0x00000000c6b00000| Complete 

Card table byte_map: [0x000001ad7cf80000,0x000001ad7d170000] _byte_map_base: 0x000001ad7c969000

Marking Bits (Prev, Next): (CMBitMap*) 0x000001ad7690a1e0, (CMBitMap*) 0x000001ad7690a220
 Prev Bits: [0x000001ad7d360000, 0x000001ad7e2a8000)
 Next Bits: [0x000001ad7e2b0000, 0x000001ad7f1f8000)

Polling page: 0x000001ad748c0000

Metaspace:

Usage:
  Non-class:     12.26 MB used.
      Class:      1.40 MB used.
       Both:     13.66 MB used.

Virtual space:
  Non-class space:       64.00 MB reserved,      12.31 MB ( 19%) committed,  1 nodes.
      Class space:        1.00 GB reserved,       1.50 MB ( <1%) committed,  1 nodes.
             Both:        1.06 GB reserved,      13.81 MB (  1%) committed. 

Chunk freelists:
   Non-Class:  2.95 MB
       Class:  14.53 MB
        Both:  17.49 MB

MaxMetaspaceSize: unlimited
CompressedClassSpaceSize: 1.00 GB
Initial GC threshold: 21.00 MB
Current GC threshold: 21.00 MB
CDS: off
MetaspaceReclaimPolicy: balanced
 - commit_granule_bytes: 65536.
 - commit_granule_words: 8192.
 - virtual_space_node_default_size: 8388608.
 - enlarge_chunks_in_place: 1.
 - new_chunks_are_fully_committed: 0.
 - uncommit_free_chunks: 1.
 - use_allocation_guard: 0.
 - handle_deallocations: 1.


Internal statistics:

num_allocs_failed_limit: 0.
num_arena_births: 98.
num_arena_deaths: 0.
num_vsnodes_births: 2.
num_vsnodes_deaths: 0.
num_space_committed: 221.
num_space_uncommitted: 0.
num_chunks_returned_to_freelist: 0.
num_chunks_taken_from_freelist: 194.
num_chunk_merges: 0.
num_chunk_splits: 103.
num_chunks_enlarged: 48.
num_inconsistent_stats: 0.

CodeCache: size=49152Kb used=2481Kb max_used=2481Kb free=46670Kb
 bounds [0x000001ad79f80000, 0x000001ad7a1f0000, 0x000001ad7cf80000]
 total_blobs=1424 nmethods=979 adapters=373
 compilation: enabled
              stopped_count=0, restarted_count=0
 full_count=0

Compilation events (20 events):
Event: 5.145 Thread 0x000001ad7f704bd0  970  s    1       java.io.ByteArrayInputStream::read (36 bytes)
Event: 5.146 Thread 0x000001ad7f704bd0 nmethod 970 0x000001ad7a1e8c10 code [0x000001ad7a1e8da0, 0x000001ad7a1e8f58]
Event: 5.146 Thread 0x000001ad7f704bd0  971       1       java.io.DataInputStream::readByte (23 bytes)
Event: 5.146 Thread 0x000001ad7f704bd0 nmethod 971 0x000001ad7a1e9010 code [0x000001ad7a1e91c0, 0x000001ad7a1e9318]
Event: 5.147 Thread 0x000001ad7f704bd0  972       1       java.util.zip.Checksum::update (11 bytes)
Event: 5.147 Thread 0x000001ad7f704bd0 nmethod 972 0x000001ad7a1e9410 code [0x000001ad7a1e95a0, 0x000001ad7a1e96c8]
Event: 5.147 Thread 0x000001ad7f704bd0  973       1       java.util.zip.CRC32::update (51 bytes)
Event: 5.147 Thread 0x000001ad7f704bd0 nmethod 973 0x000001ad7a1e9790 code [0x000001ad7a1e9940, 0x000001ad7a1e9bc8]
Event: 5.147 Thread 0x000001ad7f704bd0  974       1       java.util.zip.CRC32::updateBytes (14 bytes)
Event: 5.147 Thread 0x000001ad7f704bd0 nmethod 974 0x000001ad7a1e9d10 code [0x000001ad7a1e9ea0, 0x000001ad7a1e9f88]
Event: 5.147 Thread 0x000001ad7f704bd0  975       1       java.util.zip.CRC32::updateBytesCheck (55 bytes)
Event: 5.147 Thread 0x000001ad7f704bd0 nmethod 975 0x000001ad7a1ea010 code [0x000001ad7a1ea1e0, 0x000001ad7a1ea4c8]
Event: 5.157 Thread 0x000001ad7f704bd0  976       1       java.util.concurrent.ConcurrentHashMap$Node::<init> (14 bytes)
Event: 5.158 Thread 0x000001ad7f704bd0 nmethod 976 0x000001ad7a1ea690 code [0x000001ad7a1ea820, 0x000001ad7a1eaa18]
Event: 5.158 Thread 0x000001ad7f704bd0  977       1       java.util.Arrays$ArrayItr::hasNext (18 bytes)
Event: 5.158 Thread 0x000001ad7f704bd0 nmethod 977 0x000001ad7a1eaa90 code [0x000001ad7a1eac20, 0x000001ad7a1ead18]
Event: 5.158 Thread 0x000001ad7f704bd0  978       1       java.util.Arrays$ArrayItr::next (36 bytes)
Event: 5.159 Thread 0x000001ad7f704bd0 nmethod 978 0x000001ad7a1ead90 code [0x000001ad7a1eaf40, 0x000001ad7a1eb0a8]
Event: 5.159 Thread 0x000001ad7f704bd0  979       1       java.util.concurrent.ConcurrentHashMap$KeyIterator::next (34 bytes)
Event: 5.159 Thread 0x000001ad7f704bd0 nmethod 979 0x000001ad7a1eb190 code [0x000001ad7a1eb340, 0x000001ad7a1eb4f8]

GC Heap History (0 events):
No events

Dll operation events (7 events):
Event: 0.082 Loaded shared library C:\Users\dda14\.p2\pool\plugins\org.eclipse.justj.openjdk.hotspot.jre.full.win32.x86_64_17.0.7.v20230425-1502\jre\bin\java.dll
Event: 1.760 Loaded shared library C:\Users\dda14\.p2\pool\plugins\org.eclipse.justj.openjdk.hotspot.jre.full.win32.x86_64_17.0.7.v20230425-1502\jre\bin\jimage.dll
Event: 1.894 Loaded shared library C:\Users\dda14\.p2\pool\plugins\org.eclipse.justj.openjdk.hotspot.jre.full.win32.x86_64_17.0.7.v20230425-1502\jre\bin\net.dll
Event: 1.938 Loaded shared library C:\Users\dda14\.p2\pool\plugins\org.eclipse.justj.openjdk.hotspot.jre.full.win32.x86_64_17.0.7.v20230425-1502\jre\bin\nio.dll
Event: 1.993 Loaded shared library C:\Users\dda14\.p2\pool\plugins\org.eclipse.justj.openjdk.hotspot.jre.full.win32.x86_64_17.0.7.v20230425-1502\jre\bin\zip.dll
Event: 2.526 Loaded shared library C:\Users\dda14\.p2\pool\plugins\org.eclipse.justj.openjdk.hotspot.jre.full.win32.x86_64_17.0.7.v20230425-1502\jre\bin\management.dll
Event: 2.615 Loaded shared library C:\Users\dda14\.p2\pool\plugins\org.eclipse.justj.openjdk.hotspot.jre.full.win32.x86_64_17.0.7.v20230425-1502\jre\bin\management_ext.dll

Deoptimization events (0 events):
No events

Classes unloaded (0 events):
No events

Classes redefined (0 events):
No events

Internal exceptions (13 events):
Event: 2.492 Thread 0x000001ad768ce6c0 Exception <a 'java/lang/NoSuchMethodError'{0x00000000c68c0000}: 'java.lang.Object java.lang.invoke.DirectMethodHandle$Holder.invokeStaticInit(java.lang.Object)'> (0x00000000c68c0000) 
thrown [s\src\hotspot\share\interpreter\linkResolver.cpp, line 759]
Event: 2.637 Thread 0x000001ad768ce6c0 Exception <a 'java/lang/NoSuchMethodError'{0x00000000c68f94d8}: 'int java.lang.invoke.DirectMethodHandle$Holder.invokeInterface(java.lang.Object, java.lang.Object)'> (0x00000000c68f94d8) 
thrown [s\src\hotspot\share\interpreter\linkResolver.cpp, line 759]
Event: 2.638 Thread 0x000001ad768ce6c0 Exception <a 'java/lang/IncompatibleClassChangeError'{0x00000000c68fcad8}: Found class java.lang.Object, but interface was expected> (0x00000000c68fcad8) 
thrown [s\src\hotspot\share\interpreter\linkResolver.cpp, line 826]
Event: 2.641 Thread 0x000001ad768ce6c0 Exception <a 'java/lang/NoSuchMethodError'{0x00000000c67026c0}: 'void java.lang.invoke.DirectMethodHandle$Holder.invokeStatic(java.lang.Object, java.lang.Object)'> (0x00000000c67026c0) 
thrown [s\src\hotspot\share\interpreter\linkResolver.cpp, line 759]
Event: 3.248 Thread 0x000001ad768ce6c0 Exception <a 'java/lang/NoSuchMethodError'{0x00000000c67d0630}: 'int java.lang.invoke.DirectMethodHandle$Holder.invokeSpecial(java.lang.Object, java.lang.Object, java.lang.Object)'> (0x00000000c67d0630) 
thrown [s\src\hotspot\share\interpreter\linkResolver.cpp, line 759]
Event: 3.558 Thread 0x000001ad768ce6c0 Exception <a 'java/lang/NoSuchMethodError'{0x00000000c66dad20}: 'void java.lang.invoke.DirectMethodHandle$Holder.invokeStatic(java.lang.Object, java.lang.Object, java.lang.Object)'> (0x00000000c66dad20) 
thrown [s\src\hotspot\share\interpreter\linkResolver.cpp, line 759]
Event: 3.944 Thread 0x000001ad768ce6c0 Exception <a 'java/lang/NoSuchMethodError'{0x00000000c6525860}: 'int java.lang.invoke.DirectMethodHandle$Holder.invokeSpecialIFC(java.lang.Object, java.lang.Object, java.lang.Object)'> (0x00000000c6525860) 
thrown [s\src\hotspot\share\interpreter\linkResolver.cpp, line 759]
Event: 4.259 Thread 0x000001ad768ce6c0 Exception <a 'java/lang/NoSuchMethodError'{0x00000000c659be28}: 'java.lang.Object java.lang.invoke.DirectMethodHandle$Holder.invokeStaticInit(java.lang.Object, int, int, int, int)'> (0x00000000c659be28) 
thrown [s\src\hotspot\share\interpreter\linkResolver.cpp, line 759]
Event: 4.484 Thread 0x000001ad768ce6c0 Exception <a 'java/lang/NoSuchMethodError'{0x00000000c65e1cb0}: 'java.lang.Object java.lang.invoke.DirectMethodHandle$Holder.invokeStaticInit(java.lang.Object, java.lang.Object, int, int, int, int)'> (0x00000000c65e1cb0) 
thrown [s\src\hotspot\share\interpreter\linkResolver.cpp, line 759]
Event: 4.521 Thread 0x000001ad768ce6c0 Exception <a 'java/lang/ClassNotFoundException'{0x00000000c65fd400}: javax/management/remote/rmi/RMIServerImpl_Skel> (0x00000000c65fd400) 
thrown [s\src\hotspot\share\classfile\systemDictionary.cpp, line 256]
Event: 4.778 Thread 0x000001ad768ce6c0 Exception <a 'java/lang/ClassNotFoundException'{0x00000000c6347f58}: jdk/internal/agent/resources/spi/agentProvider> (0x00000000c6347f58) 
thrown [s\src\hotspot\share\classfile\systemDictionary.cpp, line 256]
Event: 5.080 Thread 0x000001ad768ce6c0 Exception <a 'java/lang/ClassNotFoundException'{0x00000000c61adb50}: javax/smartcardio/CardPermission> (0x00000000c61adb50) 
thrown [s\src\hotspot\share\classfile\systemDictionary.cpp, line 256]
Event: 5.086 Thread 0x000001ad768ce6c0 Exception <a 'java/io/FileNotFoundException'{0x00000000c61bc3f8}> (0x00000000c61bc3f8) 
thrown [s\src\hotspot\share\prims\jni.cpp, line 516]

VM Operations (12 events):
Event: 1.650 Executing VM operation: HandshakeAllThreads
Event: 1.650 Executing VM operation: HandshakeAllThreads done
Event: 2.663 Executing VM operation: Cleanup
Event: 2.664 Executing VM operation: Cleanup done
Event: 3.620 Executing VM operation: HandshakeAllThreads
Event: 3.620 Executing VM operation: HandshakeAllThreads done
Event: 4.170 Executing VM operation: HandshakeAllThreads
Event: 4.171 Executing VM operation: HandshakeAllThreads done
Event: 4.171 Executing VM operation: Cleanup
Event: 4.171 Executing VM operation: Cleanup done
Event: 4.989 Executing VM operation: HandshakeAllThreads
Event: 4.990 Executing VM operation: HandshakeAllThreads done

Events (20 events):
Event: 5.161 loading class java/time/zone/ZoneRules
Event: 5.162 loading class java/time/zone/ZoneRules done
Event: 5.162 loading class java/time/zone/ZoneOffsetTransitionRule
Event: 5.163 loading class java/time/zone/ZoneOffsetTransitionRule done
Event: 5.163 loading class java/time/LocalDateTime
Event: 5.164 loading class java/time/temporal/Temporal
Event: 5.164 loading class java/time/temporal/Temporal done
Event: 5.164 loading class java/time/temporal/TemporalAdjuster
Event: 5.164 loading class java/time/temporal/TemporalAdjuster done
Event: 5.164 loading class java/time/chrono/ChronoLocalDateTime
Event: 5.165 loading class java/time/chrono/ChronoLocalDateTime done
Event: 5.165 loading class java/time/LocalDateTime done
Event: 5.165 loading class java/time/ZoneOffset
Event: 5.167 loading class java/time/ZoneOffset done
Event: 5.167 loading class java/time/zone/ZoneOffsetTransition
Event: 5.168 loading class java/time/zone/ZoneOffsetTransition done
Event: 5.168 loading class java/time/LocalDate
Event: 5.170 loading class java/time/chrono/ChronoLocalDate
Event: 5.171 loading class java/time/chrono/ChronoLocalDate done
Event: 5.171 loading class java/time/LocalDate done


Dynamic libraries:
0x00007ff634950000 - 0x00007ff63495e000 	C:\Users\dda14\.p2\pool\plugins\org.eclipse.justj.openjdk.hotspot.jre.full.win32.x86_64_17.0.7.v20230425-1502\jre\bin\javaw.exe
0x00007ffc24b50000 - 0x00007ffc24d64000 	C:\WINDOWS\SYSTEM32\ntdll.dll
0x00007ffc235f0000 - 0x00007ffc236b2000 	C:\WINDOWS\System32\KERNEL32.DLL
0x00007ffc21ff0000 - 0x00007ffc22393000 	C:\WINDOWS\System32\KERNELBASE.dll
0x00007ffc223d0000 - 0x00007ffc224e1000 	C:\WINDOWS\System32\ucrtbase.dll
0x00007ffc0ed50000 - 0x00007ffc0ed67000 	C:\Users\dda14\.p2\pool\plugins\org.eclipse.justj.openjdk.hotspot.jre.full.win32.x86_64_17.0.7.v20230425-1502\jre\bin\jli.dll
0x00007ffc22b40000 - 0x00007ffc22ceb000 	C:\WINDOWS\System32\USER32.dll
0x00007ffc223a0000 - 0x00007ffc223c6000 	C:\WINDOWS\System32\win32u.dll
0x00007ffc23b40000 - 0x00007ffc23b69000 	C:\WINDOWS\System32\GDI32.dll
0x00007ffc22560000 - 0x00007ffc22678000 	C:\WINDOWS\System32\gdi32full.dll
0x00007ffc22680000 - 0x00007ffc2271a000 	C:\WINDOWS\System32\msvcp_win.dll
0x00007ffc0ed10000 - 0x00007ffc0ed29000 	C:\Users\dda14\.p2\pool\plugins\org.eclipse.justj.openjdk.hotspot.jre.full.win32.x86_64_17.0.7.v20230425-1502\jre\bin\VCRUNTIME140.dll
0x00007ffc0e9f0000 - 0x00007ffc0ec7e000 	C:\WINDOWS\WinSxS\amd64_microsoft.windows.common-controls_6595b64144ccf1df_6.0.22621.1635_none_270f70857386168e\COMCTL32.dll
0x00007ffc22f70000 - 0x00007ffc23017000 	C:\WINDOWS\System32\msvcrt.dll
0x00007ffc23d20000 - 0x00007ffc23d51000 	C:\WINDOWS\System32\IMM32.DLL
0x00007ffc1ae00000 - 0x00007ffc1ae0c000 	C:\Users\dda14\.p2\pool\plugins\org.eclipse.justj.openjdk.hotspot.jre.full.win32.x86_64_17.0.7.v20230425-1502\jre\bin\vcruntime140_1.dll
0x00007ffbf1120000 - 0x00007ffbf11b1000 	C:\Users\dda14\.p2\pool\plugins\org.eclipse.justj.openjdk.hotspot.jre.full.win32.x86_64_17.0.7.v20230425-1502\jre\bin\msvcp140.dll
0x00007ffbcb4e0000 - 0x00007ffbcc128000 	C:\Users\dda14\.p2\pool\plugins\org.eclipse.justj.openjdk.hotspot.jre.full.win32.x86_64_17.0.7.v20230425-1502\jre\bin\server\jvm.dll
0x00007ffc240a0000 - 0x00007ffc2414e000 	C:\WINDOWS\System32\ADVAPI32.dll
0x00007ffc23ff0000 - 0x00007ffc24094000 	C:\WINDOWS\System32\sechost.dll
0x00007ffc23d60000 - 0x00007ffc23e77000 	C:\WINDOWS\System32\RPCRT4.dll
0x00007ffc061e0000 - 0x00007ffc061e9000 	C:\WINDOWS\SYSTEM32\WSOCK32.dll
0x00007ffc13560000 - 0x00007ffc1356a000 	C:\WINDOWS\SYSTEM32\VERSION.dll
0x00007ffc22950000 - 0x00007ffc229c1000 	C:\WINDOWS\System32\WS2_32.dll
0x00007ffc19050000 - 0x00007ffc19084000 	C:\WINDOWS\SYSTEM32\WINMM.dll
0x00007ffc21080000 - 0x00007ffc21098000 	C:\WINDOWS\SYSTEM32\kernel.appcore.dll
0x00007ffc1c4a0000 - 0x00007ffc1c4aa000 	C:\Users\dda14\.p2\pool\plugins\org.eclipse.justj.openjdk.hotspot.jre.full.win32.x86_64_17.0.7.v20230425-1502\jre\bin\jimage.dll
0x00007ffc1f800000 - 0x00007ffc1fa2e000 	C:\WINDOWS\SYSTEM32\DBGHELP.DLL
0x00007ffc23020000 - 0x00007ffc233a9000 	C:\WINDOWS\System32\combase.dll
0x00007ffc229e0000 - 0x00007ffc22ab7000 	C:\WINDOWS\System32\OLEAUT32.dll
0x00007ffc04ef0000 - 0x00007ffc04f22000 	C:\WINDOWS\SYSTEM32\dbgcore.DLL
0x00007ffc21f70000 - 0x00007ffc21feb000 	C:\WINDOWS\System32\bcryptPrimitives.dll
0x00007ffc047c0000 - 0x00007ffc047e5000 	C:\Users\dda14\.p2\pool\plugins\org.eclipse.justj.openjdk.hotspot.jre.full.win32.x86_64_17.0.7.v20230425-1502\jre\bin\java.dll
0x00007ffc19260000 - 0x00007ffc19278000 	C:\Users\dda14\.p2\pool\plugins\org.eclipse.justj.openjdk.hotspot.jre.full.win32.x86_64_17.0.7.v20230425-1502\jre\bin\zip.dll
0x00007ffc24310000 - 0x00007ffc24b0a000 	C:\WINDOWS\System32\SHELL32.dll
0x00007ffc1ff30000 - 0x00007ffc207fe000 	C:\WINDOWS\SYSTEM32\windows.storage.dll
0x00007ffc1fdf0000 - 0x00007ffc1ff2e000 	C:\WINDOWS\SYSTEM32\wintypes.dll
0x00007ffc23e80000 - 0x00007ffc23f71000 	C:\WINDOWS\System32\SHCORE.dll
0x00007ffc233b0000 - 0x00007ffc2340e000 	C:\WINDOWS\System32\shlwapi.dll
0x00007ffc21ea0000 - 0x00007ffc21ec1000 	C:\WINDOWS\SYSTEM32\profapi.dll
0x00007ffc0da80000 - 0x00007ffc0da99000 	C:\Users\dda14\.p2\pool\plugins\org.eclipse.justj.openjdk.hotspot.jre.full.win32.x86_64_17.0.7.v20230425-1502\jre\bin\net.dll
0x00007ffc1abc0000 - 0x00007ffc1acf7000 	C:\WINDOWS\SYSTEM32\WINHTTP.dll
0x00007ffc21520000 - 0x00007ffc21589000 	C:\WINDOWS\system32\mswsock.dll
0x00007ffc0d0e0000 - 0x00007ffc0d0f5000 	C:\Users\dda14\.p2\pool\plugins\org.eclipse.justj.openjdk.hotspot.jre.full.win32.x86_64_17.0.7.v20230425-1502\jre\bin\nio.dll
0x00007ffc19ca0000 - 0x00007ffc19ca9000 	C:\Users\dda14\.p2\pool\plugins\org.eclipse.justj.openjdk.hotspot.jre.full.win32.x86_64_17.0.7.v20230425-1502\jre\bin\management.dll
0x00007ffc19950000 - 0x00007ffc1995b000 	C:\Users\dda14\.p2\pool\plugins\org.eclipse.justj.openjdk.hotspot.jre.full.win32.x86_64_17.0.7.v20230425-1502\jre\bin\management_ext.dll
0x00007ffc23d10000 - 0x00007ffc23d18000 	C:\WINDOWS\System32\PSAPI.DLL
0x00007ffbfb470000 - 0x00007ffbfb487000 	C:\WINDOWS\system32\napinsp.dll
0x00007ffbfb0c0000 - 0x00007ffbfb0db000 	C:\WINDOWS\system32\pnrpnsp.dll
0x00007ffc20b40000 - 0x00007ffc20c33000 	C:\WINDOWS\SYSTEM32\DNSAPI.dll
0x00007ffc20ad0000 - 0x00007ffc20afd000 	C:\WINDOWS\SYSTEM32\IPHLPAPI.DLL
0x00007ffc23410000 - 0x00007ffc23419000 	C:\WINDOWS\System32\NSI.dll
0x00007ffbfb0a0000 - 0x00007ffbfb0b1000 	C:\WINDOWS\System32\winrnr.dll
0x00007ffbfb080000 - 0x00007ffbfb095000 	C:\WINDOWS\system32\wshbth.dll
0x00007ffbfb050000 - 0x00007ffbfb071000 	C:\WINDOWS\system32\nlansp_c.dll
0x00007ffc14310000 - 0x00007ffc1431a000 	C:\Windows\System32\rasadhlp.dll
0x00007ffc143c0000 - 0x00007ffc14444000 	C:\WINDOWS\System32\fwpuclnt.dll
0x00007ffc21780000 - 0x00007ffc2179b000 	C:\WINDOWS\SYSTEM32\CRYPTSP.dll
0x00007ffc20ff0000 - 0x00007ffc21025000 	C:\WINDOWS\system32\rsaenh.dll
0x00007ffc21620000 - 0x00007ffc21648000 	C:\WINDOWS\SYSTEM32\USERENV.dll
0x00007ffc21940000 - 0x00007ffc21968000 	C:\WINDOWS\SYSTEM32\bcrypt.dll
0x00007ffc217a0000 - 0x00007ffc217ac000 	C:\WINDOWS\SYSTEM32\CRYPTBASE.dll
0x00007ffc19620000 - 0x00007ffc19639000 	C:\WINDOWS\SYSTEM32\dhcpcsvc6.DLL
0x00007ffc19600000 - 0x00007ffc1961f000 	C:\WINDOWS\SYSTEM32\dhcpcsvc.DLL

dbghelp: loaded successfully - version: 4.0.5 - missing functions: none
symbol engine: initialized successfully - sym options: 0x614 - pdb path: .;C:\Users\dda14\.p2\pool\plugins\org.eclipse.justj.openjdk.hotspot.jre.full.win32.x86_64_17.0.7.v20230425-1502\jre\bin;C:\WINDOWS\SYSTEM32;C:\WINDOWS\WinSxS\amd64_microsoft.windows.common-controls_6595b64144ccf1df_6.0.22621.1635_none_270f70857386168e;C:\Users\dda14\.p2\pool\plugins\org.eclipse.justj.openjdk.hotspot.jre.full.win32.x86_64_17.0.7.v20230425-1502\jre\bin\server

VM Arguments:
jvm_args: -Dcom.sun.management.jmxremote -Dcom.sun.management.jmxremote.port=56828 -Dcom.sun.management.jmxremote.authenticate=false -Dcom.sun.management.jmxremote.ssl=false -Djava.rmi.server.hostname=localhost -Dspring.jmx.enabled=true -Dmanagement.endpoints.jmx.exposure.include=* -Dspring.application.admin.enabled=true -XX:TieredStopAtLevel=1 -Dspring.boot.project.name=demo-1 -Dfile.encoding=UTF-8 -XX:+ShowCodeDetailsInExceptionMessages 
java_command: com.example.demo.Demo1Application --spring.output.ansi.enabled=always
java_class_path (initial): C:\Users\dda14\eclipse-workspace\demo-1\target\classes;C:\Users\dda14\.m2\repository\org\springframework\boot\spring-boot-starter-web\3.1.0\spring-boot-starter-web-3.1.0.jar;C:\Users\dda14\.m2\repository\org\springframework\boot\spring-boot-starter\3.1.0\spring-boot-starter-3.1.0.jar;C:\Users\dda14\.m2\repository\org\springframework\boot\spring-boot\3.1.0\spring-boot-3.1.0.jar;C:\Users\dda14\.m2\repository\org\springframework\boot\spring-boot-autoconfigure\3.1.0\spring-boot-autoconfigure-3.1.0.jar;C:\Users\dda14\.m2\repository\org\springframework\boot\spring-boot-starter-logging\3.1.0\spring-boot-starter-logging-3.1.0.jar;C:\Users\dda14\.m2\repository\ch\qos\logback\logback-classic\1.4.7\logback-classic-1.4.7.jar;C:\Users\dda14\.m2\repository\ch\qos\logback\logback-core\1.4.7\logback-core-1.4.7.jar;C:\Users\dda14\.m2\repository\org\apache\logging\log4j\log4j-to-slf4j\2.20.0\log4j-to-slf4j-2.20.0.jar;C:\Users\dda14\.m2\repository\org\apache\logging\log4j\log4j-api\2.20.0\log4j-api-2.20.0.jar;C:\Users\dda14\.m2\repository\org\slf4j\jul-to-slf4j\2.0.7\jul-to-slf4j-2.0.7.jar;C:\Users\dda14\.m2\repository\jakarta\annotation\jakarta.annotation-api\2.1.1\jakarta.annotation-api-2.1.1.jar;C:\Users\dda14\.m2\repository\org\yaml\snakeyaml\1.33\snakeyaml-1.33.jar;C:\Users\dda14\.m2\repository\org\springframework\boot\spring-boot-starter-json\3.1.0\spring-boot-starter-json-3.1.0.jar;C:\Users\dda14\.m2\repository\com\fasterxml\jackson\core\jackson-databind\2.15.0\jackson-databind-2.15.0.jar;C:\Users\dda14\.m2\repository\com\fasterxml\jackson\core\jackson-annotations\2.15.0\jackson-annotations-2.15.0.jar;C:\Users\dda14\.m2\repository\com\fasterxml\jackson\core\jackson-core\2.15.0\jackson-core-2.15.0.jar;C:\Users\dda14\.m2\repository\com\fasterxml\jackson\datatype\jackson-datatype-jdk8\2.15.0\jackson-datatype-jdk8-2.15.0.jar;C:\Users\dda14\.m2\repository\com\fasterxml\jackson\datatype\jackson-datatype-jsr310\2.15.0\jackson-datatype-jsr310-2.15.0.jar;C:\
Launcher Type: SUN_STANDARD

[Global flags]
     intx CICompilerCount                          = 3                                         {product} {ergonomic}
     uint ConcGCThreads                            = 1                                         {product} {ergonomic}
     uint G1ConcRefinementThreads                  = 4                                         {product} {ergonomic}
   size_t G1HeapRegionSize                         = 1048576                                   {product} {ergonomic}
    uintx GCDrainStackTargetSize                   = 64                                        {product} {ergonomic}
   size_t InitialHeapSize                          = 65011712                                  {product} {ergonomic}
     bool ManagementServer                         = true                                      {product} {command line}
   size_t MarkStackSize                            = 4194304                                   {product} {ergonomic}
   size_t MaxHeapSize                              = 1025507328                                {product} {ergonomic}
   size_t MaxNewSize                               = 614465536                                 {product} {ergonomic}
   size_t MinHeapDeltaBytes                        = 1048576                                   {product} {ergonomic}
   size_t MinHeapSize                              = 8388608                                   {product} {ergonomic}
    uintx NonProfiledCodeHeapSize                  = 0                                      {pd product} {ergonomic}
     bool ProfileInterpreter                       = false                                  {pd product} {command line}
    uintx ProfiledCodeHeapSize                     = 0                                      {pd product} {ergonomic}
     bool ShowCodeDetailsInExceptionMessages       = true                                   {manageable} {command line}
   size_t SoftMaxHeapSize                          = 1025507328                             {manageable} {ergonomic}
     intx TieredStopAtLevel                        = 1                                         {product} {command line}
     bool UseCompressedClassPointers               = true                           {product lp64_product} {ergonomic}
     bool UseCompressedOops                        = true                           {product lp64_product} {ergonomic}
     bool UseG1GC                                  = true                                      {product} {ergonomic}
     bool UseLargePagesIndividualAllocation        = false                                  {pd product} {ergonomic}

Logging:
Log output configuration:
 #0: stdout all=warning uptime,level,tags
 #1: stderr all=off uptime,level,tags

Environment Variables:
PATH=C:/Users/dda14/.p2/pool/plugins/org.eclipse.justj.openjdk.hotspot.jre.full.win32.x86_64_17.0.7.v20230425-1502/jre/bin/server;C:/Users/dda14/.p2/pool/plugins/org.eclipse.justj.openjdk.hotspot.jre.full.win32.x86_64_17.0.7.v20230425-1502/jre/bin;C:\WINDOWS\system32;C:\WINDOWS;C:\WINDOWS\System32\Wbem;C:\WINDOWS\System32\WindowsPowerShell\v1.0\;C:\WINDOWS\System32\OpenSSH\;C:\Program Files\Intel\WiFi\bin\;C:\Program Files\Common Files\Intel\WirelessCommon\;C:\Program Files\Git\cmd;C:\Program Files\dotnet\;C:\Program Files\PowerShell\7\;C:\Program Files\PuTTY\;C:\Users\dda14\AppData\Local\Programs\Python\Python39\Scripts\;C:\Users\dda14\AppData\Local\Programs\Python\Python39\;C:\Users\dda14\AppData\Local\Microsoft\WindowsApps;C:\Users\dda14\AppData\Local\GitHubDesktop\bin;C:\WINDOWS\system32;
USERNAME=dda14
OS=Windows_NT
PROCESSOR_IDENTIFIER=Intel64 Family 6 Model 142 Stepping 12, GenuineIntel
TMP=C:\Users\dda14\AppData\Local\Temp
TEMP=C:\Users\dda14\AppData\Local\Temp



---------------  S Y S T E M  ---------------

OS:
 Windows 11 , 64 bit Build 22621 (10.0.22621.1635)
OS uptime: 8 days 16:26 hours
Hyper-V role detected

CPU: total 4 (initial active 4) (2 cores per cpu, 2 threads per core) family 6 model 142 stepping 12 microcode 0xde, cx8, cmov, fxsr, ht, mmx, 3dnowpref, sse, sse2, sse3, ssse3, sse4.1, sse4.2, popcnt, lzcnt, tsc, tscinvbit, avx, avx2, aes, erms, clmul, bmi1, bmi2, adx, fma, vzeroupper, clflush, clflushopt, hv

Memory: 4k page, system-wide physical 3911M (55M free)
TotalPageFile size 15687M (AvailPageFile size 0M)
current process WorkingSet (physical memory assigned to process): 61M, peak: 61M
current process commit charge ("private bytes"): 138M, peak: 138M

vm_info: OpenJDK 64-Bit Server VM (17.0.7+7) for windows-amd64 JRE (17.0.7+7), built on Apr 18 2023 22:10:42 by "temurin" with MS VC++ 16.7 (VS2019)

END.
