#
# There is insufficient memory for the Java Runtime Environment to continue.
# Native memory allocation (mmap) failed to map 65536 bytes for Failed to commit metaspace.
# Possible reasons:
#   The system is out of physical RAM or swap space
#   The process is running with CompressedOops enabled, and the Java Heap may be blocking the growth of the native heap
# Possible solutions:
#   Reduce memory load on the system
#   Increase physical memory or swap space
#   Check if swap backing store is full
#   Decrease Java heap size (-Xmx/-Xms)
#   Decrease number of Java threads
#   Decrease Java thread stack sizes (-Xss)
#   Set larger code cache with -XX:ReservedCodeCacheSize=
#   JVM is running with Unscaled Compressed Oops mode in which the Java heap is
#     placed in the first 4GB address space. The Java Heap base address is the
#     maximum limit for the native heap growth. Please use -XX:HeapBaseMinAddress
#     to set the Java Heap base and to place the Java Heap above 4GB virtual address.
# This output file may be truncated or incomplete.
#
#  Out of Memory Error (virtualSpaceNode.cpp:110), pid=2108, tid=7632
#
# JRE version: OpenJDK Runtime Environment Temurin-17.0.7+7 (17.0.7+7) (build 17.0.7+7)
# Java VM: OpenJDK 64-Bit Server VM Temurin-17.0.7+7 (17.0.7+7, mixed mode, emulated-client, tiered, compressed oops, compressed class ptrs, g1 gc, windows-amd64)
# No core dump will be written. Minidumps are not enabled by default on client versions of Windows
#

---------------  S U M M A R Y ------------

Command Line: -Dcom.sun.management.jmxremote -Dcom.sun.management.jmxremote.port=56810 -Dcom.sun.management.jmxremote.authenticate=false -Dcom.sun.management.jmxremote.ssl=false -Djava.rmi.server.hostname=localhost -Dspring.jmx.enabled=true -Dmanagement.endpoints.jmx.exposure.include=* -Dspring.application.admin.enabled=true -XX:TieredStopAtLevel=1 -Dspring.boot.project.name=demo-1 -Dfile.encoding=UTF-8 -XX:+ShowCodeDetailsInExceptionMessages com.example.demo.Demo1Application --spring.output.ansi.enabled=always

Host: Intel(R) Core(TM) i3-8145U CPU @ 2.10GHz, 4 cores, 3G,  Windows 11 , 64 bit Build 22621 (10.0.22621.1635)
Time: Fri May 26 14:35:41 2023 RTZ 2 (s 11 , 64 bit Build 22621 (10.0.22621.1635) elapsed time: 4.003459 seconds (0d 0h 0m 4s)

---------------  T H R E A D  ---------------

Current thread (0x000001b89e88e420):  JavaThread "main" [_thread_in_vm, id=7632, stack(0x0000008e40f00000,0x0000008e41000000)]

Stack: [0x0000008e40f00000,0x0000008e41000000]
Native frames: (J=compiled Java code, j=interpreted, Vv=VM code, C=native code)
V  [jvm.dll+0x67754a]
V  [jvm.dll+0x834304]
V  [jvm.dll+0x835aae]
V  [jvm.dll+0x836113]
V  [jvm.dll+0x24696f]
V  [jvm.dll+0x83039b]
V  [jvm.dll+0x61c006]
V  [jvm.dll+0x1c169e]
V  [jvm.dll+0x61e961]
V  [jvm.dll+0x61c9a6]
V  [jvm.dll+0x23aeff]
V  [jvm.dll+0x626845]
V  [jvm.dll+0x1eb47b]
V  [jvm.dll+0x1eb9b5]
V  [jvm.dll+0x1ec3ef]
V  [jvm.dll+0x1e1891]
V  [jvm.dll+0x53ea50]
V  [jvm.dll+0x7afc28]
V  [jvm.dll+0x7afd14]
V  [jvm.dll+0x40de05]
V  [jvm.dll+0x413f58]
C  [java.dll+0x17ec]

Java frames: (J=compiled Java code, j=interpreted, Vv=VM code)
J 1161  java.lang.ClassLoader.defineClass1(Ljava/lang/ClassLoader;Ljava/lang/String;[BIILjava/security/ProtectionDomain;Ljava/lang/String;)Ljava/lang/Class; java.base@17.0.7 (0 bytes) @ 0x000001b8a21ef6db [0x000001b8a21ef620+0x00000000000000bb]
J 1277 c1 java.lang.ClassLoader.defineClass(Ljava/lang/String;[BIILjava/security/ProtectionDomain;)Ljava/lang/Class; java.base@17.0.7 (43 bytes) @ 0x000001b8a22226dc [0x000001b8a22225e0+0x00000000000000fc]
J 1184 c1 jdk.internal.loader.BuiltinClassLoader.defineClass(Ljava/lang/String;Ljdk/internal/loader/Resource;)Ljava/lang/Class; java.base@17.0.7 (121 bytes) @ 0x000001b8a21fc044 [0x000001b8a21fbba0+0x00000000000004a4]
J 1172 c1 jdk.internal.loader.BuiltinClassLoader.findClassOnClassPathOrNull(Ljava/lang/String;)Ljava/lang/Class; java.base@17.0.7 (64 bytes) @ 0x000001b8a21f4bc4 [0x000001b8a21f4920+0x00000000000002a4]
J 927 c1 jdk.internal.loader.BuiltinClassLoader.loadClassOrNull(Ljava/lang/String;Z)Ljava/lang/Class; java.base@17.0.7 (143 bytes) @ 0x000001b8a218c0c4 [0x000001b8a218bc80+0x0000000000000444]
J 1085 c1 jdk.internal.loader.ClassLoaders$AppClassLoader.loadClass(Ljava/lang/String;Z)Ljava/lang/Class; java.base@17.0.7 (40 bytes) @ 0x000001b8a21cd6a4 [0x000001b8a21cd560+0x0000000000000144]
J 1079 c1 java.lang.ClassLoader.loadClass(Ljava/lang/String;)Ljava/lang/Class; java.base@17.0.7 (7 bytes) @ 0x000001b8a21cbd64 [0x000001b8a21cbd20+0x0000000000000044]
v  ~StubRoutines::call_stub
j  org.springframework.boot.context.properties.bind.Binder.bind(Lorg/springframework/boot/context/properties/source/ConfigurationPropertyName;Lorg/springframework/boot/context/properties/bind/Bindable;Lorg/springframework/boot/context/properties/bind/BindHandler;Z)Ljava/lang/Object;+25
j  org.springframework.boot.context.properties.bind.Binder.bind(Lorg/springframework/boot/context/properties/source/ConfigurationPropertyName;Lorg/springframework/boot/context/properties/bind/Bindable;Lorg/springframework/boot/context/properties/bind/BindHandler;)Lorg/springframework/boot/context/properties/bind/BindResult;+5
j  org.springframework.boot.context.properties.bind.Binder.bind(Ljava/lang/String;Lorg/springframework/boot/context/properties/bind/Bindable;)Lorg/springframework/boot/context/properties/bind/BindResult;+7
j  org.springframework.boot.context.properties.bind.Binder.bind(Ljava/lang/String;Ljava/lang/Class;)Lorg/springframework/boot/context/properties/bind/BindResult;+6
j  org.springframework.boot.context.config.ConfigDataEnvironment.<init>(Lorg/springframework/boot/logging/DeferredLogFactory;Lorg/springframework/boot/ConfigurableBootstrapContext;Lorg/springframework/core/env/ConfigurableEnvironment;Lorg/springframework/core/io/ResourceLoader;Ljava/util/Collection;Lorg/springframework/boot/context/config/ConfigDataEnvironmentUpdateListener;)V+36
j  org.springframework.boot.context.config.ConfigDataEnvironmentPostProcessor.getConfigDataEnvironment(Lorg/springframework/core/env/ConfigurableEnvironment;Lorg/springframework/core/io/ResourceLoader;Ljava/util/Collection;)Lorg/springframework/boot/context/config/ConfigDataEnvironment;+19
j  org.springframework.boot.context.config.ConfigDataEnvironmentPostProcessor.postProcessEnvironment(Lorg/springframework/core/env/ConfigurableEnvironment;Lorg/springframework/core/io/ResourceLoader;Ljava/util/Collection;)V+31
j  org.springframework.boot.context.config.ConfigDataEnvironmentPostProcessor.postProcessEnvironment(Lorg/springframework/core/env/ConfigurableEnvironment;Lorg/springframework/boot/SpringApplication;)V+10
j  org.springframework.boot.env.EnvironmentPostProcessorApplicationListener.onApplicationEnvironmentPreparedEvent(Lorg/springframework/boot/context/event/ApplicationEnvironmentPreparedEvent;)V+55
j  org.springframework.boot.env.EnvironmentPostProcessorApplicationListener.onApplicationEvent(Lorg/springframework/context/ApplicationEvent;)V+14
j  org.springframework.context.event.SimpleApplicationEventMulticaster.doInvokeListener(Lorg/springframework/context/ApplicationListener;Lorg/springframework/context/ApplicationEvent;)V+2
j  org.springframework.context.event.SimpleApplicationEventMulticaster.invokeListener(Lorg/springframework/context/ApplicationListener;Lorg/springframework/context/ApplicationEvent;)V+34
j  org.springframework.context.event.SimpleApplicationEventMulticaster.multicastEvent(Lorg/springframework/context/ApplicationEvent;Lorg/springframework/core/ResolvableType;)V+82
j  org.springframework.context.event.SimpleApplicationEventMulticaster.multicastEvent(Lorg/springframework/context/ApplicationEvent;)V+3
j  org.springframework.boot.context.event.EventPublishingRunListener.multicastInitialEvent(Lorg/springframework/context/ApplicationEvent;)V+9
j  org.springframework.boot.context.event.EventPublishingRunListener.environmentPrepared(Lorg/springframework/boot/ConfigurableBootstrapContext;Lorg/springframework/core/env/ConfigurableEnvironment;)V+18
j  org.springframework.boot.SpringApplicationRunListeners.lambda$environmentPrepared$2(Lorg/springframework/boot/ConfigurableBootstrapContext;Lorg/springframework/core/env/ConfigurableEnvironment;Lorg/springframework/boot/SpringApplicationRunListener;)V+3
j  org.springframework.boot.SpringApplicationRunListeners$$Lambda$184+0x000000010020ab88.accept(Ljava/lang/Object;)V+12
j  java.lang.Iterable.forEach(Ljava/util/function/Consumer;)V+30 java.base@17.0.7
j  org.springframework.boot.SpringApplicationRunListeners.doWithListeners(Ljava/lang/String;Ljava/util/function/Consumer;Ljava/util/function/Consumer;)V+17
j  org.springframework.boot.SpringApplicationRunListeners.doWithListeners(Ljava/lang/String;Ljava/util/function/Consumer;)V+4
j  org.springframework.boot.SpringApplicationRunListeners.environmentPrepared(Lorg/springframework/boot/ConfigurableBootstrapContext;Lorg/springframework/core/env/ConfigurableEnvironment;)V+10
j  org.springframework.boot.SpringApplication.prepareEnvironment(Lorg/springframework/boot/SpringApplicationRunListeners;Lorg/springframework/boot/DefaultBootstrapContext;Lorg/springframework/boot/ApplicationArguments;)Lorg/springframework/core/env/ConfigurableEnvironment;+27
j  org.springframework.boot.SpringApplication.run([Ljava/lang/String;)Lorg/springframework/context/ConfigurableApplicationContext;+52
j  org.springframework.boot.SpringApplication.run([Ljava/lang/Class;[Ljava/lang/String;)Lorg/springframework/context/ConfigurableApplicationContext;+9
j  org.springframework.boot.SpringApplication.run(Ljava/lang/Class;[Ljava/lang/String;)Lorg/springframework/context/ConfigurableApplicationContext;+9
j  com.example.demo.Demo1Application.main([Ljava/lang/String;)V+3
v  ~StubRoutines::call_stub

---------------  P R O C E S S  ---------------

Threads class SMR info:
_java_thread_list=0x000001b8ae2d3290, length=18, elements={
0x000001b89e88e420, 0x000001b8a966a160, 0x000001b8a966b530, 0x000001b8a9672b40,
0x000001b8a96734f0, 0x000001b8a9674640, 0x000001b8a9674ff0, 0x000001b8a9808070,
0x000001b8a98163c0, 0x000001b8a960c5b0, 0x000001b8a9994830, 0x000001b8ae17a1f0,
0x000001b8ae11ab80, 0x000001b8ae1c8cb0, 0x000001b8ae246210, 0x000001b8ae243200,
0x000001b8ae2cbd10, 0x000001b8ae2dbe40
}

Java Threads: ( => current thread )
=>0x000001b89e88e420 JavaThread "main" [_thread_in_vm, id=7632, stack(0x0000008e40f00000,0x0000008e41000000)]
  0x000001b8a966a160 JavaThread "Reference Handler" daemon [_thread_blocked, id=2116, stack(0x0000008e41600000,0x0000008e41700000)]
  0x000001b8a966b530 JavaThread "Finalizer" daemon [_thread_blocked, id=3344, stack(0x0000008e41700000,0x0000008e41800000)]
  0x000001b8a9672b40 JavaThread "Signal Dispatcher" daemon [_thread_blocked, id=16908, stack(0x0000008e41800000,0x0000008e41900000)]
  0x000001b8a96734f0 JavaThread "Attach Listener" daemon [_thread_blocked, id=5520, stack(0x0000008e41900000,0x0000008e41a00000)]
  0x000001b8a9674640 JavaThread "Service Thread" daemon [_thread_blocked, id=21996, stack(0x0000008e41a00000,0x0000008e41b00000)]
  0x000001b8a9674ff0 JavaThread "Monitor Deflation Thread" daemon [_thread_blocked, id=17528, stack(0x0000008e41b00000,0x0000008e41c00000)]
  0x000001b8a9808070 JavaThread "C1 CompilerThread0" daemon [_thread_blocked, id=9088, stack(0x0000008e41c00000,0x0000008e41d00000)]
  0x000001b8a98163c0 JavaThread "Sweeper thread" daemon [_thread_blocked, id=15776, stack(0x0000008e41d00000,0x0000008e41e00000)]
  0x000001b8a960c5b0 JavaThread "Common-Cleaner" daemon [_thread_blocked, id=13064, stack(0x0000008e41e00000,0x0000008e41f00000)]
  0x000001b8a9994830 JavaThread "Notification Thread" daemon [_thread_blocked, id=20720, stack(0x0000008e41f00000,0x0000008e42000000)]
  0x000001b8ae17a1f0 JavaThread "RMI TCP Accept-0" daemon [_thread_in_native, id=15224, stack(0x0000008e42000000,0x0000008e42100000)]
  0x000001b8ae11ab80 JavaThread "RMI TCP Accept-56810" daemon [_thread_in_native, id=11488, stack(0x0000008e42100000,0x0000008e42200000)]
  0x000001b8ae1c8cb0 JavaThread "RMI TCP Accept-0" daemon [_thread_in_native, id=13796, stack(0x0000008e42200000,0x0000008e42300000)]
  0x000001b8ae246210 JavaThread "RMI TCP Connection(1)-127.0.0.1" daemon [_thread_in_native, id=6788, stack(0x0000008e42400000,0x0000008e42500000)]
  0x000001b8ae243200 JavaThread "RMI TCP Connection(2)-127.0.0.1" daemon [_thread_in_native, id=21256, stack(0x0000008e42500000,0x0000008e42600000)]
  0x000001b8ae2cbd10 JavaThread "RMI Scheduler(0)" daemon [_thread_blocked, id=13808, stack(0x0000008e42600000,0x0000008e42700000)]
  0x000001b8ae2dbe40 JavaThread "JMX server connection timeout 21" daemon [_thread_blocked, id=6636, stack(0x0000008e42700000,0x0000008e42800000)]

Other Threads:
  0x000001b89e94ece0 VMThread "VM Thread" [stack: 0x0000008e41500000,0x0000008e41600000] [id=9792]
  0x000001b89e8912b0 WatcherThread [stack: 0x0000008e42300000,0x0000008e42400000] [id=512]
  0x000001b89e8cb740 GCTaskThread "GC Thread#0" [stack: 0x0000008e41000000,0x0000008e41100000] [id=16136]
  0x000001b8ae2f8880 GCTaskThread "GC Thread#1" [stack: 0x0000008e42800000,0x0000008e42900000] [id=22128]
  0x000001b8ae55c860 GCTaskThread "GC Thread#2" [stack: 0x0000008e42900000,0x0000008e42a00000] [id=12472]
  0x000001b8ae55cb10 GCTaskThread "GC Thread#3" [stack: 0x0000008e42a00000,0x0000008e42b00000] [id=19112]
  0x000001b89e8d3fc0 ConcurrentGCThread "G1 Main Marker" [stack: 0x0000008e41100000,0x0000008e41200000] [id=6764]
  0x000001b89e8d48d0 ConcurrentGCThread "G1 Conc#0" [stack: 0x0000008e41200000,0x0000008e41300000] [id=7180]
  0x000001b89e914af0 ConcurrentGCThread "G1 Refine#0" [stack: 0x0000008e41300000,0x0000008e41400000] [id=11256]
  0x000001b8ae245af0 ConcurrentGCThread "G1 Refine#1" [stack: 0x0000008e42b00000,0x0000008e42c00000] [id=6372]
  0x000001b89e9152b0 ConcurrentGCThread "G1 Service" [stack: 0x0000008e41400000,0x0000008e41500000] [id=8844]

Threads with active compile tasks:

VM state: not at safepoint (normal execution)

VM Mutex/Monitor currently owned by a thread:  ([mutex/lock_event])
[0x000001b89e888670] Metaspace_lock - owner thread: 0x000001b89e88e420

Heap address: 0x00000000c2e00000, size: 978 MB, Compressed Oops mode: 32-bit

CDS archive(s) not mapped
Compressed class space mapped at: 0x0000000100000000-0x0000000140000000, reserved size: 1073741824
Narrow klass base: 0x0000000000000000, Narrow klass shift: 3, Narrow klass range: 0x140000000

GC Precious Log:
 CPUs: 4 total, 4 available
 Memory: 3911M
 Large Page Support: Disabled
 NUMA Support: Disabled
 Compressed Oops: Enabled (32-bit)
 Heap Region Size: 1M
 Heap Min Capacity: 8M
 Heap Initial Capacity: 62M
 Heap Max Capacity: 978M
 Pre-touch: Disabled
 Parallel Workers: 4
 Concurrent Workers: 1
 Concurrent Refinement Workers: 4
 Periodic GC: Disabled

Heap:
 garbage-first heap   total 63488K, used 6474K [0x00000000c2e00000, 0x0000000100000000)
  region size 1024K, 4 young (4096K), 1 survivors (1024K)
 Metaspace       used 17741K, committed 17920K, reserved 1114112K
  class space    used 1956K, committed 2048K, reserved 1048576K

Heap Regions: E=young(eden), S=young(survivor), O=old, HS=humongous(starts), HC=humongous(continues), CS=collection set, F=free, OA=open archive, CA=closed archive, TAMS=top-at-mark-start (previous, next)
|   0|0x00000000c2e00000, 0x00000000c2f00000, 0x00000000c2f00000|100%| O|  |TAMS 0x00000000c2e00000, 0x00000000c2e00000| Untracked 
|   1|0x00000000c2f00000, 0x00000000c3000000, 0x00000000c3000000|100%| O|  |TAMS 0x00000000c2f00000, 0x00000000c2f00000| Untracked 
|   2|0x00000000c3000000, 0x00000000c3100000, 0x00000000c3100000|100%| O|  |TAMS 0x00000000c3000000, 0x00000000c3000000| Untracked 
|   3|0x00000000c3100000, 0x00000000c3200000, 0x00000000c3200000|100%| O|  |TAMS 0x00000000c3100000, 0x00000000c3100000| Untracked 
|   4|0x00000000c3200000, 0x00000000c3276e00, 0x00000000c3300000| 46%| O|  |TAMS 0x00000000c3200000, 0x00000000c3200000| Untracked 
|   5|0x00000000c3300000, 0x00000000c3300000, 0x00000000c3400000|  0%| F|  |TAMS 0x00000000c3300000, 0x00000000c3300000| Untracked 
|   6|0x00000000c3400000, 0x00000000c3400000, 0x00000000c3500000|  0%| F|  |TAMS 0x00000000c3400000, 0x00000000c3400000| Untracked 
|   7|0x00000000c3500000, 0x00000000c3500000, 0x00000000c3600000|  0%| F|  |TAMS 0x00000000c3500000, 0x00000000c3500000| Untracked 
|   8|0x00000000c3600000, 0x00000000c3600000, 0x00000000c3700000|  0%| F|  |TAMS 0x00000000c3600000, 0x00000000c3600000| Untracked 
|   9|0x00000000c3700000, 0x00000000c3700000, 0x00000000c3800000|  0%| F|  |TAMS 0x00000000c3700000, 0x00000000c3700000| Untracked 
|  10|0x00000000c3800000, 0x00000000c3800000, 0x00000000c3900000|  0%| F|  |TAMS 0x00000000c3800000, 0x00000000c3800000| Untracked 
|  11|0x00000000c3900000, 0x00000000c3900000, 0x00000000c3a00000|  0%| F|  |TAMS 0x00000000c3900000, 0x00000000c3900000| Untracked 
|  12|0x00000000c3a00000, 0x00000000c3a00000, 0x00000000c3b00000|  0%| F|  |TAMS 0x00000000c3a00000, 0x00000000c3a00000| Untracked 
|  13|0x00000000c3b00000, 0x00000000c3b00000, 0x00000000c3c00000|  0%| F|  |TAMS 0x00000000c3b00000, 0x00000000c3b00000| Untracked 
|  14|0x00000000c3c00000, 0x00000000c3c00000, 0x00000000c3d00000|  0%| F|  |TAMS 0x00000000c3c00000, 0x00000000c3c00000| Untracked 
|  15|0x00000000c3d00000, 0x00000000c3d00000, 0x00000000c3e00000|  0%| F|  |TAMS 0x00000000c3d00000, 0x00000000c3d00000| Untracked 
|  16|0x00000000c3e00000, 0x00000000c3e00000, 0x00000000c3f00000|  0%| F|  |TAMS 0x00000000c3e00000, 0x00000000c3e00000| Untracked 
|  17|0x00000000c3f00000, 0x00000000c3f00000, 0x00000000c4000000|  0%| F|  |TAMS 0x00000000c3f00000, 0x00000000c3f00000| Untracked 
|  18|0x00000000c4000000, 0x00000000c4000000, 0x00000000c4100000|  0%| F|  |TAMS 0x00000000c4000000, 0x00000000c4000000| Untracked 
|  19|0x00000000c4100000, 0x00000000c4100000, 0x00000000c4200000|  0%| F|  |TAMS 0x00000000c4100000, 0x00000000c4100000| Untracked 
|  20|0x00000000c4200000, 0x00000000c4200000, 0x00000000c4300000|  0%| F|  |TAMS 0x00000000c4200000, 0x00000000c4200000| Untracked 
|  21|0x00000000c4300000, 0x00000000c4300000, 0x00000000c4400000|  0%| F|  |TAMS 0x00000000c4300000, 0x00000000c4300000| Untracked 
|  22|0x00000000c4400000, 0x00000000c4400000, 0x00000000c4500000|  0%| F|  |TAMS 0x00000000c4400000, 0x00000000c4400000| Untracked 
|  23|0x00000000c4500000, 0x00000000c4500000, 0x00000000c4600000|  0%| F|  |TAMS 0x00000000c4500000, 0x00000000c4500000| Untracked 
|  24|0x00000000c4600000, 0x00000000c4600000, 0x00000000c4700000|  0%| F|  |TAMS 0x00000000c4600000, 0x00000000c4600000| Untracked 
|  25|0x00000000c4700000, 0x00000000c4700000, 0x00000000c4800000|  0%| F|  |TAMS 0x00000000c4700000, 0x00000000c4700000| Untracked 
|  26|0x00000000c4800000, 0x00000000c4800000, 0x00000000c4900000|  0%| F|  |TAMS 0x00000000c4800000, 0x00000000c4800000| Untracked 
|  27|0x00000000c4900000, 0x00000000c4900000, 0x00000000c4a00000|  0%| F|  |TAMS 0x00000000c4900000, 0x00000000c4900000| Untracked 
|  28|0x00000000c4a00000, 0x00000000c4a00000, 0x00000000c4b00000|  0%| F|  |TAMS 0x00000000c4a00000, 0x00000000c4a00000| Untracked 
|  29|0x00000000c4b00000, 0x00000000c4b00000, 0x00000000c4c00000|  0%| F|  |TAMS 0x00000000c4b00000, 0x00000000c4b00000| Untracked 
|  30|0x00000000c4c00000, 0x00000000c4c00000, 0x00000000c4d00000|  0%| F|  |TAMS 0x00000000c4c00000, 0x00000000c4c00000| Untracked 
|  31|0x00000000c4d00000, 0x00000000c4d00000, 0x00000000c4e00000|  0%| F|  |TAMS 0x00000000c4d00000, 0x00000000c4d00000| Untracked 
|  32|0x00000000c4e00000, 0x00000000c4e00000, 0x00000000c4f00000|  0%| F|  |TAMS 0x00000000c4e00000, 0x00000000c4e00000| Untracked 
|  33|0x00000000c4f00000, 0x00000000c4f00000, 0x00000000c5000000|  0%| F|  |TAMS 0x00000000c4f00000, 0x00000000c4f00000| Untracked 
|  34|0x00000000c5000000, 0x00000000c5000000, 0x00000000c5100000|  0%| F|  |TAMS 0x00000000c5000000, 0x00000000c5000000| Untracked 
|  35|0x00000000c5100000, 0x00000000c5100000, 0x00000000c5200000|  0%| F|  |TAMS 0x00000000c5100000, 0x00000000c5100000| Untracked 
|  36|0x00000000c5200000, 0x00000000c5200000, 0x00000000c5300000|  0%| F|  |TAMS 0x00000000c5200000, 0x00000000c5200000| Untracked 
|  37|0x00000000c5300000, 0x00000000c5300000, 0x00000000c5400000|  0%| F|  |TAMS 0x00000000c5300000, 0x00000000c5300000| Untracked 
|  38|0x00000000c5400000, 0x00000000c5400000, 0x00000000c5500000|  0%| F|  |TAMS 0x00000000c5400000, 0x00000000c5400000| Untracked 
|  39|0x00000000c5500000, 0x00000000c5500000, 0x00000000c5600000|  0%| F|  |TAMS 0x00000000c5500000, 0x00000000c5500000| Untracked 
|  40|0x00000000c5600000, 0x00000000c5600000, 0x00000000c5700000|  0%| F|  |TAMS 0x00000000c5600000, 0x00000000c5600000| Untracked 
|  41|0x00000000c5700000, 0x00000000c5700000, 0x00000000c5800000|  0%| F|  |TAMS 0x00000000c5700000, 0x00000000c5700000| Untracked 
|  42|0x00000000c5800000, 0x00000000c5800000, 0x00000000c5900000|  0%| F|  |TAMS 0x00000000c5800000, 0x00000000c5800000| Untracked 
|  43|0x00000000c5900000, 0x00000000c5900000, 0x00000000c5a00000|  0%| F|  |TAMS 0x00000000c5900000, 0x00000000c5900000| Untracked 
|  44|0x00000000c5a00000, 0x00000000c5a00000, 0x00000000c5b00000|  0%| F|  |TAMS 0x00000000c5a00000, 0x00000000c5a00000| Untracked 
|  45|0x00000000c5b00000, 0x00000000c5b00000, 0x00000000c5c00000|  0%| F|  |TAMS 0x00000000c5b00000, 0x00000000c5b00000| Untracked 
|  46|0x00000000c5c00000, 0x00000000c5c00000, 0x00000000c5d00000|  0%| F|  |TAMS 0x00000000c5c00000, 0x00000000c5c00000| Untracked 
|  47|0x00000000c5d00000, 0x00000000c5d00000, 0x00000000c5e00000|  0%| F|  |TAMS 0x00000000c5d00000, 0x00000000c5d00000| Untracked 
|  48|0x00000000c5e00000, 0x00000000c5e00000, 0x00000000c5f00000|  0%| F|  |TAMS 0x00000000c5e00000, 0x00000000c5e00000| Untracked 
|  49|0x00000000c5f00000, 0x00000000c5f00000, 0x00000000c6000000|  0%| F|  |TAMS 0x00000000c5f00000, 0x00000000c5f00000| Untracked 
|  50|0x00000000c6000000, 0x00000000c6000000, 0x00000000c6100000|  0%| F|  |TAMS 0x00000000c6000000, 0x00000000c6000000| Untracked 
|  51|0x00000000c6100000, 0x00000000c61dba80, 0x00000000c6200000| 85%| S|CS|TAMS 0x00000000c6100000, 0x00000000c6100000| Complete 
|  52|0x00000000c6200000, 0x00000000c6200000, 0x00000000c6300000|  0%| F|  |TAMS 0x00000000c6200000, 0x00000000c6200000| Untracked 
|  53|0x00000000c6300000, 0x00000000c6300000, 0x00000000c6400000|  0%| F|  |TAMS 0x00000000c6300000, 0x00000000c6300000| Untracked 
|  54|0x00000000c6400000, 0x00000000c6400000, 0x00000000c6500000|  0%| F|  |TAMS 0x00000000c6400000, 0x00000000c6400000| Untracked 
|  55|0x00000000c6500000, 0x00000000c6500000, 0x00000000c6600000|  0%| F|  |TAMS 0x00000000c6500000, 0x00000000c6500000| Untracked 
|  56|0x00000000c6600000, 0x00000000c6600000, 0x00000000c6700000|  0%| F|  |TAMS 0x00000000c6600000, 0x00000000c6600000| Untracked 
|  57|0x00000000c6700000, 0x00000000c6700000, 0x00000000c6800000|  0%| F|  |TAMS 0x00000000c6700000, 0x00000000c6700000| Untracked 
|  58|0x00000000c6800000, 0x00000000c6800000, 0x00000000c6900000|  0%| F|  |TAMS 0x00000000c6800000, 0x00000000c6800000| Untracked 
|  59|0x00000000c6900000, 0x00000000c696c658, 0x00000000c6a00000| 42%| E|  |TAMS 0x00000000c6900000, 0x00000000c6900000| Complete 
|  60|0x00000000c6a00000, 0x00000000c6b00000, 0x00000000c6b00000|100%| E|CS|TAMS 0x00000000c6a00000, 0x00000000c6a00000| Complete 
|  61|0x00000000c6b00000, 0x00000000c6c00000, 0x00000000c6c00000|100%| E|  |TAMS 0x00000000c6b00000, 0x00000000c6b00000| Complete 

Card table byte_map: [0x000001b8a4f40000,0x000001b8a5130000] _byte_map_base: 0x000001b8a4929000

Marking Bits (Prev, Next): (CMBitMap*) 0x000001b89e8cbc50, (CMBitMap*) 0x000001b89e8cbc90
 Prev Bits: [0x000001b8a5320000, 0x000001b8a6268000)
 Next Bits: [0x000001b8a6270000, 0x000001b8a71b8000)

Polling page: 0x000001b89c820000

Metaspace:

Usage:
  Non-class:     15.41 MB used.
      Class:      1.91 MB used.
       Both:     17.33 MB used.

Virtual space:
  Non-class space:       64.00 MB reserved,      15.50 MB ( 24%) committed,  1 nodes.
      Class space:        1.00 GB reserved,       2.00 MB ( <1%) committed,  1 nodes.
             Both:        1.06 GB reserved,      17.50 MB (  2%) committed. 

Chunk freelists:
   Non-Class:  15.80 MB
       Class:  13.89 MB
        Both:  29.69 MB

MaxMetaspaceSize: unlimited
CompressedClassSpaceSize: 1.00 GB
Initial GC threshold: 21.00 MB
Current GC threshold: 21.00 MB
CDS: off
MetaspaceReclaimPolicy: balanced
 - commit_granule_bytes: 65536.
 - commit_granule_words: 8192.
 - virtual_space_node_default_size: 8388608.
 - enlarge_chunks_in_place: 1.
 - new_chunks_are_fully_committed: 0.
 - uncommit_free_chunks: 1.
 - use_allocation_guard: 0.
 - handle_deallocations: 1.


Internal statistics:

num_allocs_failed_limit: 0.
num_arena_births: 190.
num_arena_deaths: 0.
num_vsnodes_births: 2.
num_vsnodes_deaths: 0.
num_space_committed: 280.
num_space_uncommitted: 0.
num_chunks_returned_to_freelist: 0.
num_chunks_taken_from_freelist: 416.
num_chunk_merges: 0.
num_chunk_splits: 247.
num_chunks_enlarged: 142.
num_inconsistent_stats: 0.

CodeCache: size=49152Kb used=3217Kb max_used=3217Kb free=45934Kb
 bounds [0x000001b8a1f40000, 0x000001b8a2270000, 0x000001b8a4f40000]
 total_blobs=1913 nmethods=1457 adapters=384
 compilation: enabled
              stopped_count=0, restarted_count=0
 full_count=0

Compilation events (20 events):
Event: 3.976 Thread 0x000001b8a9808070 1447       1       org.springframework.boot.convert.ApplicationConversionService::addConverter (10 bytes)
Event: 3.976 Thread 0x000001b8a9808070 nmethod 1447 0x000001b8a225f910 code [0x000001b8a225fac0, 0x000001b8a225fc88]
Event: 3.976 Thread 0x000001b8a9808070 1448       1       org.springframework.core.convert.support.GenericConversionService$Converters$$Lambda$181/0x00000001001f8868::apply (8 bytes)
Event: 3.976 Thread 0x000001b8a9808070 nmethod 1448 0x000001b8a225fe10 code [0x000001b8a225ffc0, 0x000001b8a22602d8]
Event: 3.976 Thread 0x000001b8a9808070 1449       1       org.springframework.core.convert.support.GenericConversionService$Converters::lambda$getMatchableConverters$0 (8 bytes)
Event: 3.976 Thread 0x000001b8a9808070 nmethod 1449 0x000001b8a2260410 code [0x000001b8a22605c0, 0x000001b8a2260898]
Event: 3.976 Thread 0x000001b8a9808070 1452       1       java.lang.invoke.VarHandleGuards::guard_LLL_Z (86 bytes)
Event: 3.978 Thread 0x000001b8a9808070 nmethod 1452 0x000001b8a2260c90 code [0x000001b8a2260f20, 0x000001b8a22619c8]
Event: 3.978 Thread 0x000001b8a9808070 1455       1       org.springframework.core.ResolvableType::getGenerics (171 bytes)
Event: 3.979 Thread 0x000001b8a9808070 nmethod 1455 0x000001b8a2262010 code [0x000001b8a2262260, 0x000001b8a2262c78]
Event: 3.979 Thread 0x000001b8a9808070 1453       1       org.springframework.core.ResolvableType::forClass (9 bytes)
Event: 3.979 Thread 0x000001b8a9808070 nmethod 1453 0x000001b8a2263110 code [0x000001b8a22632a0, 0x000001b8a22633c8]
Event: 3.979 Thread 0x000001b8a9808070 1454       1       org.springframework.core.ResolvableType::<init> (47 bytes)
Event: 3.979 Thread 0x000001b8a9808070 nmethod 1454 0x000001b8a2263490 code [0x000001b8a2263620, 0x000001b8a2263878]
Event: 3.979 Thread 0x000001b8a9808070 1456       1       java.util.Collections$1::next (25 bytes)
Event: 3.980 Thread 0x000001b8a9808070 nmethod 1456 0x000001b8a2263910 code [0x000001b8a2263aa0, 0x000001b8a2263c08]
Event: 3.980 Thread 0x000001b8a9808070 1450       1       org.springframework.core.convert.support.GenericConversionService$ConvertersForPair::<init> (16 bytes)
Event: 3.980 Thread 0x000001b8a9808070 nmethod 1450 0x000001b8a2263d10 code [0x000001b8a2263ea0, 0x000001b8a2264138]
Event: 3.980 Thread 0x000001b8a9808070 1451       1       java.util.concurrent.ConcurrentLinkedDeque::<init> (21 bytes)
Event: 3.980 Thread 0x000001b8a9808070 nmethod 1451 0x000001b8a2264210 code [0x000001b8a22643a0, 0x000001b8a2264558]

GC Heap History (4 events):
Event: 2.320 GC heap before
{Heap before GC invocations=0 (full 0):
 garbage-first heap   total 63488K, used 12288K [0x00000000c2e00000, 0x0000000100000000)
  region size 1024K, 13 young (13312K), 0 survivors (0K)
 Metaspace       used 14661K, committed 14848K, reserved 1114112K
  class space    used 1520K, committed 1600K, reserved 1048576K
}
Event: 2.341 GC heap after
{Heap after GC invocations=1 (full 0):
 garbage-first heap   total 63488K, used 4464K [0x00000000c2e00000, 0x0000000100000000)
  region size 1024K, 2 young (2048K), 2 survivors (2048K)
 Metaspace       used 14661K, committed 14848K, reserved 1114112K
  class space    used 1520K, committed 1600K, reserved 1048576K
}
Event: 3.747 GC heap before
{Heap before GC invocations=1 (full 0):
 garbage-first heap   total 63488K, used 14704K [0x00000000c2e00000, 0x0000000100000000)
  region size 1024K, 12 young (12288K), 2 survivors (2048K)
 Metaspace       used 17329K, committed 17536K, reserved 1114112K
  class space    used 1892K, committed 1984K, reserved 1048576K
}
Event: 3.754 GC heap after
{Heap after GC invocations=2 (full 0):
 garbage-first heap   total 63488K, used 5450K [0x00000000c2e00000, 0x0000000100000000)
  region size 1024K, 1 young (1024K), 1 survivors (1024K)
 Metaspace       used 17329K, committed 17536K, reserved 1114112K
  class space    used 1892K, committed 1984K, reserved 1048576K
}

Dll operation events (7 events):
Event: 0.123 Loaded shared library C:\Users\dda14\.p2\pool\plugins\org.eclipse.justj.openjdk.hotspot.jre.full.win32.x86_64_17.0.7.v20230425-1502\jre\bin\java.dll
Event: 0.564 Loaded shared library C:\Users\dda14\.p2\pool\plugins\org.eclipse.justj.openjdk.hotspot.jre.full.win32.x86_64_17.0.7.v20230425-1502\jre\bin\jimage.dll
Event: 0.604 Loaded shared library C:\Users\dda14\.p2\pool\plugins\org.eclipse.justj.openjdk.hotspot.jre.full.win32.x86_64_17.0.7.v20230425-1502\jre\bin\net.dll
Event: 0.611 Loaded shared library C:\Users\dda14\.p2\pool\plugins\org.eclipse.justj.openjdk.hotspot.jre.full.win32.x86_64_17.0.7.v20230425-1502\jre\bin\nio.dll
Event: 0.621 Loaded shared library C:\Users\dda14\.p2\pool\plugins\org.eclipse.justj.openjdk.hotspot.jre.full.win32.x86_64_17.0.7.v20230425-1502\jre\bin\zip.dll
Event: 0.740 Loaded shared library C:\Users\dda14\.p2\pool\plugins\org.eclipse.justj.openjdk.hotspot.jre.full.win32.x86_64_17.0.7.v20230425-1502\jre\bin\management.dll
Event: 0.813 Loaded shared library C:\Users\dda14\.p2\pool\plugins\org.eclipse.justj.openjdk.hotspot.jre.full.win32.x86_64_17.0.7.v20230425-1502\jre\bin\management_ext.dll

Deoptimization events (0 events):
No events

Classes unloaded (0 events):
No events

Classes redefined (0 events):
No events

Internal exceptions (20 events):
Event: 2.060 Thread 0x000001b8ae2dbe40 Exception <a 'java/lang/NoSuchMethodError'{0x00000000c60e5e48}: 'java.lang.Object java.lang.invoke.Invokers$Holder.linkToTargetMethod(java.lang.Object, long, java.lang.Object)'> (0x00000000c60e5e48) 
thrown [s\src\hotspot\share\interpreter\linkResolver.cpp, line 759]
Event: 2.071 Thread 0x000001b8ae243200 Exception <a 'java/lang/reflect/InvocationTargetException'{0x00000000c60bf7b0}> (0x00000000c60bf7b0) 
thrown [s\src\hotspot\share\runtime\reflection.cpp, line 1121]
Event: 2.074 Thread 0x000001b89e88e420 Exception <a 'java/lang/ClassNotFoundException'{0x00000000c61ee500}: javax/smartcardio/CardPermission> (0x00000000c61ee500) 
thrown [s\src\hotspot\share\classfile\systemDictionary.cpp, line 256]
Event: 2.080 Thread 0x000001b8ae243200 Exception <a 'java/lang/NoSuchMethodError'{0x00000000c5f21990}: static [Ljava/lang/StackTraceElement;.<clinit>()V> (0x00000000c5f21990) 
thrown [s\src\hotspot\share\prims\jni.cpp, line 1107]
Event: 2.082 Thread 0x000001b89e88e420 Exception <a 'java/io/FileNotFoundException'{0x00000000c61fcda8}> (0x00000000c61fcda8) 
thrown [s\src\hotspot\share\prims\jni.cpp, line 516]
Event: 2.442 Thread 0x000001b89e88e420 Exception <a 'java/lang/NoSuchMethodError'{0x00000000c6a167f0}: 'void java.lang.invoke.DirectMethodHandle$Holder.invokeStatic(java.lang.Object, java.lang.Object, java.lang.Object, java.lang.Object)'> (0x00000000c6a167f0) 
thrown [s\src\hotspot\share\interpreter\linkResolver.cpp, line 759]
Event: 2.558 Thread 0x000001b89e88e420 Exception <a 'java/lang/NoSuchMethodError'{0x00000000c694b228}: 'int java.lang.invoke.DirectMethodHandle$Holder.invokeStaticInit(java.lang.Object, java.lang.Object)'> (0x00000000c694b228) 
thrown [s\src\hotspot\share\interpreter\linkResolver.cpp, line 759]
Event: 2.580 Thread 0x000001b89e88e420 Exception <a 'java/lang/NoSuchMethodError'{0x00000000c698d0a8}: 'void java.lang.invoke.DirectMethodHandle$Holder.invokeInterface(java.lang.Object, java.lang.Object, java.lang.Object, java.lang.Object)'> (0x00000000c698d0a8) 
thrown [s\src\hotspot\share\interpreter\linkResolver.cpp, line 759]
Event: 2.648 Thread 0x000001b8ae243200 Exception <a 'java/lang/reflect/InvocationTargetException'{0x00000000c68bf3b0}> (0x00000000c68bf3b0) 
thrown [s\src\hotspot\share\runtime\reflection.cpp, line 1121]
Event: 2.737 Thread 0x000001b89e88e420 Exception <a 'java/lang/NoSuchMethodError'{0x00000000c6763f20}: 'java.lang.Object java.lang.invoke.DirectMethodHandle$Holder.invokeInterface(java.lang.Object, java.lang.Object)'> (0x00000000c6763f20) 
thrown [s\src\hotspot\share\interpreter\linkResolver.cpp, line 759]
Event: 2.749 Thread 0x000001b89e88e420 Exception <a 'java/lang/NoSuchMethodError'{0x00000000c67a9030}: 'java.lang.Object java.lang.invoke.DirectMethodHandle$Holder.invokeSpecialIFC(java.lang.Object, java.lang.Object, java.lang.Object, java.lang.Object)'> (0x00000000c67a9030) 
thrown [s\src\hotspot\share\interpreter\linkResolver.cpp, line 759]
Event: 2.754 Thread 0x000001b89e88e420 Exception <a 'java/lang/NoSuchMethodError'{0x00000000c67c5168}: 'java.lang.Object java.lang.invoke.DirectMethodHandle$Holder.invokeInterface(java.lang.Object, java.lang.Object, java.lang.Object)'> (0x00000000c67c5168) 
thrown [s\src\hotspot\share\interpreter\linkResolver.cpp, line 759]
Event: 2.806 Thread 0x000001b89e88e420 Exception <a 'java/lang/NoSuchMethodError'{0x00000000c668be88}: 'int java.lang.invoke.DirectMethodHandle$Holder.invokeStaticInit(java.lang.Object, java.lang.Object, java.lang.Object)'> (0x00000000c668be88) 
thrown [s\src\hotspot\share\interpreter\linkResolver.cpp, line 759]
Event: 2.814 Thread 0x000001b89e88e420 Exception <a 'java/lang/NoSuchMethodError'{0x00000000c66b6520}: 'java.lang.Object java.lang.invoke.DirectMethodHandle$Holder.invokeVirtual(java.lang.Object, java.lang.Object, java.lang.Object)'> (0x00000000c66b6520) 
thrown [s\src\hotspot\share\interpreter\linkResolver.cpp, line 759]
Event: 2.823 Thread 0x000001b89e88e420 Exception <a 'java/lang/NoSuchMethodError'{0x00000000c66e9330}: 'java.lang.Object java.lang.invoke.DirectMethodHandle$Holder.newInvokeSpecial(java.lang.Object, java.lang.Object, java.lang.Object, java.lang.Object, java.lang.Object)'> (0x00000000c66e9330) 
thrown [s\src\hotspot\share\interpreter\linkResolver.cpp, line 759]
Event: 2.836 Thread 0x000001b89e88e420 Exception <a 'java/lang/NoSuchMethodError'{0x00000000c6538da8}: 'java.lang.Object java.lang.invoke.DirectMethodHandle$Holder.invokeStaticInit(java.lang.Object, java.lang.Object, java.lang.Object)'> (0x00000000c6538da8) 
thrown [s\src\hotspot\share\interpreter\linkResolver.cpp, line 759]
Event: 2.924 Thread 0x000001b89e88e420 Exception <a 'java/lang/IncompatibleClassChangeError'{0x00000000c65a6120}: Found class java.lang.Object, but interface was expected> (0x00000000c65a6120) 
thrown [s\src\hotspot\share\interpreter\linkResolver.cpp, line 826]
Event: 3.035 Thread 0x000001b89e88e420 Exception <a 'sun/nio/fs/WindowsException'{0x00000000c6422c40}> (0x00000000c6422c40) 
thrown [s\src\hotspot\share\prims\jni.cpp, line 516]
Event: 3.160 Thread 0x000001b8ae243200 Exception <a 'java/lang/reflect/InvocationTargetException'{0x00000000c68c2d40}> (0x00000000c68c2d40) 
thrown [s\src\hotspot\share\runtime\reflection.cpp, line 1121]
Event: 3.666 Thread 0x000001b8ae243200 Exception <a 'java/lang/reflect/InvocationTargetException'{0x00000000c68c6450}> (0x00000000c68c6450) 
thrown [s\src\hotspot\share\runtime\reflection.cpp, line 1121]

VM Operations (18 events):
Event: 0.509 Executing VM operation: HandshakeAllThreads
Event: 0.509 Executing VM operation: HandshakeAllThreads done
Event: 1.115 Executing VM operation: HandshakeAllThreads
Event: 1.115 Executing VM operation: HandshakeAllThreads done
Event: 1.245 Executing VM operation: HandshakeAllThreads
Event: 1.245 Executing VM operation: HandshakeAllThreads done
Event: 1.245 Executing VM operation: Cleanup
Event: 1.246 Executing VM operation: Cleanup done
Event: 1.913 Executing VM operation: HandshakeAllThreads
Event: 1.913 Executing VM operation: HandshakeAllThreads done
Event: 2.034 Executing VM operation: HandshakeAllThreads
Event: 2.053 Executing VM operation: HandshakeAllThreads done
Event: 2.318 Executing VM operation: G1CollectForAllocation
Event: 2.341 Executing VM operation: G1CollectForAllocation done
Event: 3.042 Executing VM operation: HandshakeAllThreads
Event: 3.042 Executing VM operation: HandshakeAllThreads done
Event: 3.746 Executing VM operation: G1CollectForAllocation
Event: 3.754 Executing VM operation: G1CollectForAllocation done

Events (20 events):
Event: 3.799 loading class java/time/InstantSource done
Event: 3.799 loading class java/time/Clock done
Event: 3.806 loading class java/util/ConcurrentModificationException
Event: 3.806 loading class java/util/ConcurrentModificationException done
Event: 3.831 loading class java/lang/ProcessEnvironment$CheckedKeySet
Event: 3.832 loading class java/lang/ProcessEnvironment$CheckedKeySet done
Event: 3.842 loading class java/util/stream/MatchOps$MatchKind
Event: 3.846 loading class java/util/stream/MatchOps$MatchKind done
Event: 3.846 loading class java/util/stream/MatchOps
Event: 3.846 loading class java/util/stream/MatchOps done
Event: 3.846 loading class java/util/stream/MatchOps$MatchOp
Event: 3.847 loading class java/util/stream/MatchOps$MatchOp done
Event: 3.848 loading class java/util/stream/MatchOps$BooleanTerminalSink
Event: 3.848 loading class java/util/stream/MatchOps$BooleanTerminalSink done
Event: 3.849 loading class java/util/stream/MatchOps$2MatchSink
Event: 3.849 loading class java/util/stream/MatchOps$2MatchSink done
Event: 3.951 loading class java/beans/PropertyEditorSupport
Event: 3.952 loading class java/beans/PropertyEditor
Event: 3.954 loading class java/beans/PropertyEditor done
Event: 3.954 loading class java/beans/PropertyEditorSupport done


Dynamic libraries:
0x00007ff634950000 - 0x00007ff63495e000 	C:\Users\dda14\.p2\pool\plugins\org.eclipse.justj.openjdk.hotspot.jre.full.win32.x86_64_17.0.7.v20230425-1502\jre\bin\javaw.exe
0x00007ffc24b50000 - 0x00007ffc24d64000 	C:\WINDOWS\SYSTEM32\ntdll.dll
0x00007ffc235f0000 - 0x00007ffc236b2000 	C:\WINDOWS\System32\KERNEL32.DLL
0x00007ffc21ff0000 - 0x00007ffc22393000 	C:\WINDOWS\System32\KERNELBASE.dll
0x00007ffc223d0000 - 0x00007ffc224e1000 	C:\WINDOWS\System32\ucrtbase.dll
0x00007ffc0ed50000 - 0x00007ffc0ed67000 	C:\Users\dda14\.p2\pool\plugins\org.eclipse.justj.openjdk.hotspot.jre.full.win32.x86_64_17.0.7.v20230425-1502\jre\bin\jli.dll
0x00007ffc22b40000 - 0x00007ffc22ceb000 	C:\WINDOWS\System32\USER32.dll
0x00007ffc223a0000 - 0x00007ffc223c6000 	C:\WINDOWS\System32\win32u.dll
0x00007ffc23b40000 - 0x00007ffc23b69000 	C:\WINDOWS\System32\GDI32.dll
0x00007ffc22560000 - 0x00007ffc22678000 	C:\WINDOWS\System32\gdi32full.dll
0x00007ffc22680000 - 0x00007ffc2271a000 	C:\WINDOWS\System32\msvcp_win.dll
0x00007ffc0ed10000 - 0x00007ffc0ed29000 	C:\Users\dda14\.p2\pool\plugins\org.eclipse.justj.openjdk.hotspot.jre.full.win32.x86_64_17.0.7.v20230425-1502\jre\bin\VCRUNTIME140.dll
0x00007ffc0e9f0000 - 0x00007ffc0ec7e000 	C:\WINDOWS\WinSxS\amd64_microsoft.windows.common-controls_6595b64144ccf1df_6.0.22621.1635_none_270f70857386168e\COMCTL32.dll
0x00007ffc22f70000 - 0x00007ffc23017000 	C:\WINDOWS\System32\msvcrt.dll
0x00007ffc23d20000 - 0x00007ffc23d51000 	C:\WINDOWS\System32\IMM32.DLL
0x00007ffc1ae00000 - 0x00007ffc1ae0c000 	C:\Users\dda14\.p2\pool\plugins\org.eclipse.justj.openjdk.hotspot.jre.full.win32.x86_64_17.0.7.v20230425-1502\jre\bin\vcruntime140_1.dll
0x00007ffbf1120000 - 0x00007ffbf11b1000 	C:\Users\dda14\.p2\pool\plugins\org.eclipse.justj.openjdk.hotspot.jre.full.win32.x86_64_17.0.7.v20230425-1502\jre\bin\msvcp140.dll
0x00007ffbcb4e0000 - 0x00007ffbcc128000 	C:\Users\dda14\.p2\pool\plugins\org.eclipse.justj.openjdk.hotspot.jre.full.win32.x86_64_17.0.7.v20230425-1502\jre\bin\server\jvm.dll
0x00007ffc240a0000 - 0x00007ffc2414e000 	C:\WINDOWS\System32\ADVAPI32.dll
0x00007ffc23ff0000 - 0x00007ffc24094000 	C:\WINDOWS\System32\sechost.dll
0x00007ffc23d60000 - 0x00007ffc23e77000 	C:\WINDOWS\System32\RPCRT4.dll
0x00007ffc061e0000 - 0x00007ffc061e9000 	C:\WINDOWS\SYSTEM32\WSOCK32.dll
0x00007ffc22950000 - 0x00007ffc229c1000 	C:\WINDOWS\System32\WS2_32.dll
0x00007ffc19050000 - 0x00007ffc19084000 	C:\WINDOWS\SYSTEM32\WINMM.dll
0x00007ffc13560000 - 0x00007ffc1356a000 	C:\WINDOWS\SYSTEM32\VERSION.dll
0x00007ffc21080000 - 0x00007ffc21098000 	C:\WINDOWS\SYSTEM32\kernel.appcore.dll
0x00007ffc1c4a0000 - 0x00007ffc1c4aa000 	C:\Users\dda14\.p2\pool\plugins\org.eclipse.justj.openjdk.hotspot.jre.full.win32.x86_64_17.0.7.v20230425-1502\jre\bin\jimage.dll
0x00007ffc1f800000 - 0x00007ffc1fa2e000 	C:\WINDOWS\SYSTEM32\DBGHELP.DLL
0x00007ffc23020000 - 0x00007ffc233a9000 	C:\WINDOWS\System32\combase.dll
0x00007ffc229e0000 - 0x00007ffc22ab7000 	C:\WINDOWS\System32\OLEAUT32.dll
0x00007ffc04ef0000 - 0x00007ffc04f22000 	C:\WINDOWS\SYSTEM32\dbgcore.DLL
0x00007ffc21f70000 - 0x00007ffc21feb000 	C:\WINDOWS\System32\bcryptPrimitives.dll
0x00007ffc047c0000 - 0x00007ffc047e5000 	C:\Users\dda14\.p2\pool\plugins\org.eclipse.justj.openjdk.hotspot.jre.full.win32.x86_64_17.0.7.v20230425-1502\jre\bin\java.dll
0x00007ffc19260000 - 0x00007ffc19278000 	C:\Users\dda14\.p2\pool\plugins\org.eclipse.justj.openjdk.hotspot.jre.full.win32.x86_64_17.0.7.v20230425-1502\jre\bin\zip.dll
0x00007ffc24310000 - 0x00007ffc24b0a000 	C:\WINDOWS\System32\SHELL32.dll
0x00007ffc1ff30000 - 0x00007ffc207fe000 	C:\WINDOWS\SYSTEM32\windows.storage.dll
0x00007ffc1fdf0000 - 0x00007ffc1ff2e000 	C:\WINDOWS\SYSTEM32\wintypes.dll
0x00007ffc23e80000 - 0x00007ffc23f71000 	C:\WINDOWS\System32\SHCORE.dll
0x00007ffc233b0000 - 0x00007ffc2340e000 	C:\WINDOWS\System32\shlwapi.dll
0x00007ffc21ea0000 - 0x00007ffc21ec1000 	C:\WINDOWS\SYSTEM32\profapi.dll
0x00007ffc0da80000 - 0x00007ffc0da99000 	C:\Users\dda14\.p2\pool\plugins\org.eclipse.justj.openjdk.hotspot.jre.full.win32.x86_64_17.0.7.v20230425-1502\jre\bin\net.dll
0x00007ffc1abc0000 - 0x00007ffc1acf7000 	C:\WINDOWS\SYSTEM32\WINHTTP.dll
0x00007ffc21520000 - 0x00007ffc21589000 	C:\WINDOWS\system32\mswsock.dll
0x00007ffc0d0e0000 - 0x00007ffc0d0f5000 	C:\Users\dda14\.p2\pool\plugins\org.eclipse.justj.openjdk.hotspot.jre.full.win32.x86_64_17.0.7.v20230425-1502\jre\bin\nio.dll
0x00007ffc19ca0000 - 0x00007ffc19ca9000 	C:\Users\dda14\.p2\pool\plugins\org.eclipse.justj.openjdk.hotspot.jre.full.win32.x86_64_17.0.7.v20230425-1502\jre\bin\management.dll
0x00007ffc19950000 - 0x00007ffc1995b000 	C:\Users\dda14\.p2\pool\plugins\org.eclipse.justj.openjdk.hotspot.jre.full.win32.x86_64_17.0.7.v20230425-1502\jre\bin\management_ext.dll
0x00007ffc23d10000 - 0x00007ffc23d18000 	C:\WINDOWS\System32\PSAPI.DLL
0x00007ffbfb470000 - 0x00007ffbfb487000 	C:\WINDOWS\system32\napinsp.dll
0x00007ffbfb0c0000 - 0x00007ffbfb0db000 	C:\WINDOWS\system32\pnrpnsp.dll
0x00007ffc20b40000 - 0x00007ffc20c33000 	C:\WINDOWS\SYSTEM32\DNSAPI.dll
0x00007ffc20ad0000 - 0x00007ffc20afd000 	C:\WINDOWS\SYSTEM32\IPHLPAPI.DLL
0x00007ffc23410000 - 0x00007ffc23419000 	C:\WINDOWS\System32\NSI.dll
0x00007ffbfb0a0000 - 0x00007ffbfb0b1000 	C:\WINDOWS\System32\winrnr.dll
0x00007ffbfb080000 - 0x00007ffbfb095000 	C:\WINDOWS\system32\wshbth.dll
0x00007ffbfb050000 - 0x00007ffbfb071000 	C:\WINDOWS\system32\nlansp_c.dll
0x00007ffc14310000 - 0x00007ffc1431a000 	C:\Windows\System32\rasadhlp.dll
0x00007ffc143c0000 - 0x00007ffc14444000 	C:\WINDOWS\System32\fwpuclnt.dll
0x00007ffc21780000 - 0x00007ffc2179b000 	C:\WINDOWS\SYSTEM32\CRYPTSP.dll
0x00007ffc20ff0000 - 0x00007ffc21025000 	C:\WINDOWS\system32\rsaenh.dll
0x00007ffc21620000 - 0x00007ffc21648000 	C:\WINDOWS\SYSTEM32\USERENV.dll
0x00007ffc21940000 - 0x00007ffc21968000 	C:\WINDOWS\SYSTEM32\bcrypt.dll
0x00007ffc217a0000 - 0x00007ffc217ac000 	C:\WINDOWS\SYSTEM32\CRYPTBASE.dll
0x00007ffc19620000 - 0x00007ffc19639000 	C:\WINDOWS\SYSTEM32\dhcpcsvc6.DLL
0x00007ffc19600000 - 0x00007ffc1961f000 	C:\WINDOWS\SYSTEM32\dhcpcsvc.DLL

dbghelp: loaded successfully - version: 4.0.5 - missing functions: none
symbol engine: initialized successfully - sym options: 0x614 - pdb path: .;C:\Users\dda14\.p2\pool\plugins\org.eclipse.justj.openjdk.hotspot.jre.full.win32.x86_64_17.0.7.v20230425-1502\jre\bin;C:\WINDOWS\SYSTEM32;C:\WINDOWS\WinSxS\amd64_microsoft.windows.common-controls_6595b64144ccf1df_6.0.22621.1635_none_270f70857386168e;C:\Users\dda14\.p2\pool\plugins\org.eclipse.justj.openjdk.hotspot.jre.full.win32.x86_64_17.0.7.v20230425-1502\jre\bin\server

VM Arguments:
jvm_args: -Dcom.sun.management.jmxremote -Dcom.sun.management.jmxremote.port=56810 -Dcom.sun.management.jmxremote.authenticate=false -Dcom.sun.management.jmxremote.ssl=false -Djava.rmi.server.hostname=localhost -Dspring.jmx.enabled=true -Dmanagement.endpoints.jmx.exposure.include=* -Dspring.application.admin.enabled=true -XX:TieredStopAtLevel=1 -Dspring.boot.project.name=demo-1 -Dfile.encoding=UTF-8 -XX:+ShowCodeDetailsInExceptionMessages 
java_command: com.example.demo.Demo1Application --spring.output.ansi.enabled=always
java_class_path (initial): C:\Users\dda14\eclipse-workspace\demo-1\target\classes;C:\Users\dda14\.m2\repository\org\springframework\boot\spring-boot-starter-web\3.1.0\spring-boot-starter-web-3.1.0.jar;C:\Users\dda14\.m2\repository\org\springframework\boot\spring-boot-starter\3.1.0\spring-boot-starter-3.1.0.jar;C:\Users\dda14\.m2\repository\org\springframework\boot\spring-boot\3.1.0\spring-boot-3.1.0.jar;C:\Users\dda14\.m2\repository\org\springframework\boot\spring-boot-autoconfigure\3.1.0\spring-boot-autoconfigure-3.1.0.jar;C:\Users\dda14\.m2\repository\org\springframework\boot\spring-boot-starter-logging\3.1.0\spring-boot-starter-logging-3.1.0.jar;C:\Users\dda14\.m2\repository\ch\qos\logback\logback-classic\1.4.7\logback-classic-1.4.7.jar;C:\Users\dda14\.m2\repository\ch\qos\logback\logback-core\1.4.7\logback-core-1.4.7.jar;C:\Users\dda14\.m2\repository\org\apache\logging\log4j\log4j-to-slf4j\2.20.0\log4j-to-slf4j-2.20.0.jar;C:\Users\dda14\.m2\repository\org\apache\logging\log4j\log4j-api\2.20.0\log4j-api-2.20.0.jar;C:\Users\dda14\.m2\repository\org\slf4j\jul-to-slf4j\2.0.7\jul-to-slf4j-2.0.7.jar;C:\Users\dda14\.m2\repository\jakarta\annotation\jakarta.annotation-api\2.1.1\jakarta.annotation-api-2.1.1.jar;C:\Users\dda14\.m2\repository\org\yaml\snakeyaml\1.33\snakeyaml-1.33.jar;C:\Users\dda14\.m2\repository\org\springframework\boot\spring-boot-starter-json\3.1.0\spring-boot-starter-json-3.1.0.jar;C:\Users\dda14\.m2\repository\com\fasterxml\jackson\core\jackson-databind\2.15.0\jackson-databind-2.15.0.jar;C:\Users\dda14\.m2\repository\com\fasterxml\jackson\core\jackson-annotations\2.15.0\jackson-annotations-2.15.0.jar;C:\Users\dda14\.m2\repository\com\fasterxml\jackson\core\jackson-core\2.15.0\jackson-core-2.15.0.jar;C:\Users\dda14\.m2\repository\com\fasterxml\jackson\datatype\jackson-datatype-jdk8\2.15.0\jackson-datatype-jdk8-2.15.0.jar;C:\Users\dda14\.m2\repository\com\fasterxml\jackson\datatype\jackson-datatype-jsr310\2.15.0\jackson-datatype-jsr310-2.15.0.jar;C:\
Launcher Type: SUN_STANDARD

[Global flags]
     intx CICompilerCount                          = 3                                         {product} {ergonomic}
     uint ConcGCThreads                            = 1                                         {product} {ergonomic}
     uint G1ConcRefinementThreads                  = 4                                         {product} {ergonomic}
   size_t G1HeapRegionSize                         = 1048576                                   {product} {ergonomic}
    uintx GCDrainStackTargetSize                   = 64                                        {product} {ergonomic}
   size_t InitialHeapSize                          = 65011712                                  {product} {ergonomic}
     bool ManagementServer                         = true                                      {product} {command line}
   size_t MarkStackSize                            = 4194304                                   {product} {ergonomic}
   size_t MaxHeapSize                              = 1025507328                                {product} {ergonomic}
   size_t MaxNewSize                               = 614465536                                 {product} {ergonomic}
   size_t MinHeapDeltaBytes                        = 1048576                                   {product} {ergonomic}
   size_t MinHeapSize                              = 8388608                                   {product} {ergonomic}
    uintx NonProfiledCodeHeapSize                  = 0                                      {pd product} {ergonomic}
     bool ProfileInterpreter                       = false                                  {pd product} {command line}
    uintx ProfiledCodeHeapSize                     = 0                                      {pd product} {ergonomic}
     bool ShowCodeDetailsInExceptionMessages       = true                                   {manageable} {command line}
   size_t SoftMaxHeapSize                          = 1025507328                             {manageable} {ergonomic}
     intx TieredStopAtLevel                        = 1                                         {product} {command line}
     bool UseCompressedClassPointers               = true                           {product lp64_product} {ergonomic}
     bool UseCompressedOops                        = true                           {product lp64_product} {ergonomic}
     bool UseG1GC                                  = true                                      {product} {ergonomic}
     bool UseLargePagesIndividualAllocation        = false                                  {pd product} {ergonomic}

Logging:
Log output configuration:
 #0: stdout all=warning uptime,level,tags
 #1: stderr all=off uptime,level,tags

Environment Variables:
PATH=C:/Users/dda14/.p2/pool/plugins/org.eclipse.justj.openjdk.hotspot.jre.full.win32.x86_64_17.0.7.v20230425-1502/jre/bin/server;C:/Users/dda14/.p2/pool/plugins/org.eclipse.justj.openjdk.hotspot.jre.full.win32.x86_64_17.0.7.v20230425-1502/jre/bin;C:\WINDOWS\system32;C:\WINDOWS;C:\WINDOWS\System32\Wbem;C:\WINDOWS\System32\WindowsPowerShell\v1.0\;C:\WINDOWS\System32\OpenSSH\;C:\Program Files\Intel\WiFi\bin\;C:\Program Files\Common Files\Intel\WirelessCommon\;C:\Program Files\Git\cmd;C:\Program Files\dotnet\;C:\Program Files\PowerShell\7\;C:\Program Files\PuTTY\;C:\Users\dda14\AppData\Local\Programs\Python\Python39\Scripts\;C:\Users\dda14\AppData\Local\Programs\Python\Python39\;C:\Users\dda14\AppData\Local\Microsoft\WindowsApps;C:\Users\dda14\AppData\Local\GitHubDesktop\bin;C:\WINDOWS\system32;
USERNAME=dda14
OS=Windows_NT
PROCESSOR_IDENTIFIER=Intel64 Family 6 Model 142 Stepping 12, GenuineIntel
TMP=C:\Users\dda14\AppData\Local\Temp
TEMP=C:\Users\dda14\AppData\Local\Temp



---------------  S Y S T E M  ---------------

OS:
 Windows 11 , 64 bit Build 22621 (10.0.22621.1635)
OS uptime: 8 days 16:25 hours
Hyper-V role detected

CPU: total 4 (initial active 4) (2 cores per cpu, 2 threads per core) family 6 model 142 stepping 12 microcode 0xde, cx8, cmov, fxsr, ht, mmx, 3dnowpref, sse, sse2, sse3, ssse3, sse4.1, sse4.2, popcnt, lzcnt, tsc, tscinvbit, avx, avx2, aes, erms, clmul, bmi1, bmi2, adx, fma, vzeroupper, clflush, clflushopt, hv

Memory: 4k page, system-wide physical 3911M (106M free)
TotalPageFile size 15687M (AvailPageFile size 0M)
current process WorkingSet (physical memory assigned to process): 76M, peak: 76M
current process commit charge ("private bytes"): 144M, peak: 144M

vm_info: OpenJDK 64-Bit Server VM (17.0.7+7) for windows-amd64 JRE (17.0.7+7), built on Apr 18 2023 22:10:42 by "temurin" with MS VC++ 16.7 (VS2019)

END.
